Unity Editor version:    2020.3.17f1 (a4537701e4ab)
Branch:                  2020.3/staging
Build type:              Release
Batch mode:              YES
macOS version:           Version 10.14.6 (Build 18G87)
Darwin version:          18.7.0
Architecture:            x86_64
Running under Rosetta:   NO
Available memory:        8192 MB
Using pre-set license
Pro License: NO

COMMAND LINE ARGUMENTS:
/Applications/Unity/Hub/Editor/2020.3.17f1/Unity.app/Contents/MacOS/Unity
-adb2
-batchMode
-noUpm
-name
AssetImportWorker0
-projectPath
/Users/nileslo182/Documents/GitHub/lniles182.github.io/Unity/Epic RPG 
-logFile
Logs/AssetImportWorker0.log
-srvPort
51582
Successfully changed project path to: /Users/nileslo182/Documents/GitHub/lniles182.github.io/Unity/Epic RPG 
/Users/nileslo182/Documents/GitHub/lniles182.github.io/Unity/Epic RPG 
Using Asset Import Pipeline V2.
Refreshing native plugins compatible for Editor in 53.83 ms, found 3 plugins.
Preloading 0 native plugins for Editor in 0.00 ms.
Initialize engine version: 2020.3.17f1 (a4537701e4ab)
[Subsystems] Discovering subsystems at path /Applications/Unity/Hub/Editor/2020.3.17f1/Unity.app/Contents/Resources/UnitySubsystems
[Subsystems] Discovering subsystems at path /Users/nileslo182/Documents/GitHub/lniles182.github.io/Unity/Epic RPG /Assets
GfxDevice: creating device client; threaded=0
2022-04-27 10:07:03.038 Unity[15181:336610] iMac preferred device: AMD Radeon Pro 570 (high power)
2022-04-27 10:07:03.038 Unity[15181:336610] Metal devices available: 1
2022-04-27 10:07:03.038 Unity[15181:336610] 0: AMD Radeon Pro 570 (high power)
2022-04-27 10:07:03.039 Unity[15181:336610] Using device AMD Radeon Pro 570 (high power)
Initializing Metal device caps: AMD Radeon Pro 570
Initialize mono
Mono path[0] = '/Applications/Unity/Hub/Editor/2020.3.17f1/Unity.app/Contents/Managed'
Mono path[1] = '/Applications/Unity/Hub/Editor/2020.3.17f1/Unity.app/Contents/MonoBleedingEdge/lib/mono/unityjit'
Mono config path = '/Applications/Unity/Hub/Editor/2020.3.17f1/Unity.app/Contents/MonoBleedingEdge/etc'
Using monoOptions --debugger-agent=transport=dt_socket,embedding=1,server=y,suspend=n,address=127.0.0.1:56181
Begin MonoManager ReloadAssembly
Registering precompiled unity dll's ...
Register platform support module: /Applications/Unity/Hub/Editor/2020.3.17f1/PlaybackEngines/WebGLSupport/UnityEditor.WebGL.Extensions.dll
Register platform support module: /Applications/Unity/Hub/Editor/2020.3.17f1/Unity.app/Contents/PlaybackEngines/MacStandaloneSupport/UnityEditor.OSXStandalone.Extensions.dll
Registered in 0.000487 seconds.
Native extension for OSXStandalone target not found
Native extension for WebGL target not found
Refreshing native plugins compatible for Editor in 52.90 ms, found 3 plugins.
Preloading 0 native plugins for Editor in 0.00 ms.
Mono: successfully reloaded assembly
- Completed reload, in  1.655 seconds
Domain Reload Profiling:
	ReloadAssembly (1656ms)
		BeginReloadAssembly (35ms)
			ExecutionOrderSort (0ms)
			DisableScriptedObjects (0ms)
			BackupInstance (0ms)
			ReleaseScriptingObjects (0ms)
			CreateAndSetChildDomain (1ms)
		EndReloadAssembly (555ms)
			LoadAssemblies (35ms)
			RebuildTransferFunctionScriptingTraits (0ms)
			SetupTypeCache (206ms)
			ReleaseScriptCaches (0ms)
			RebuildScriptCaches (42ms)
			SetupLoadedEditorAssemblies (249ms)
				LogAssemblyErrors (0ms)
				InitializePlatformSupportModulesInManaged (5ms)
				SetLoadedEditorAssemblies (0ms)
				RefreshPlugins (53ms)
				BeforeProcessingInitializeOnLoad (29ms)
				ProcessInitializeOnLoadAttributes (114ms)
				ProcessInitializeOnLoadMethodAttributes (48ms)
				AfterProcessingInitializeOnLoad (0ms)
				EditorAssembliesLoaded (0ms)
			ExecutionOrderSort2 (0ms)
			AwakeInstancesAfterBackupRestoration (0ms)
Platform modules already initialized, skipping
Registering precompiled user dll's ...
Registered in 0.020249 seconds.
Begin MonoManager ReloadAssembly
Native extension for OSXStandalone target not found
Native extension for WebGL target not found
Refreshing native plugins compatible for Editor in 49.13 ms, found 3 plugins.
Preloading 0 native plugins for Editor in 0.00 ms.
Mono: successfully reloaded assembly
- Completed reload, in  1.486 seconds
Domain Reload Profiling:
	ReloadAssembly (1487ms)
		BeginReloadAssembly (157ms)
			ExecutionOrderSort (0ms)
			DisableScriptedObjects (5ms)
			BackupInstance (0ms)
			ReleaseScriptingObjects (0ms)
			CreateAndSetChildDomain (32ms)
		EndReloadAssembly (1260ms)
			LoadAssemblies (271ms)
			RebuildTransferFunctionScriptingTraits (0ms)
			SetupTypeCache (377ms)
			ReleaseScriptCaches (0ms)
			RebuildScriptCaches (61ms)
			SetupLoadedEditorAssemblies (403ms)
				LogAssemblyErrors (0ms)
				InitializePlatformSupportModulesInManaged (5ms)
				SetLoadedEditorAssemblies (0ms)
				RefreshPlugins (49ms)
				BeforeProcessingInitializeOnLoad (78ms)
				ProcessInitializeOnLoadAttributes (252ms)
				ProcessInitializeOnLoadMethodAttributes (18ms)
				AfterProcessingInitializeOnLoad (1ms)
				EditorAssembliesLoaded (0ms)
			ExecutionOrderSort2 (0ms)
			AwakeInstancesAfterBackupRestoration (7ms)
Platform modules already initialized, skipping
Validating Project structure ... 0.013304 seconds.
Shader import version has changed; will reimport all shaders...
Upgrading shader files ...0.014107 seconds.
Application.AssetDatabase Initial Script Refresh Start
RefreshInfo: InitialScriptRefreshV2(NoUpdateAssetOptions) scanfilter:  ... 1 filters
RefreshProfiler: Total: 0.000ms
Application.AssetDatabase Initial Script Refresh End
Application.AssetDatabase.Refresh Start
Application.AssetDatabase.Refresh End
RefreshInfo: StopAssetImportingV2(ForceSynchronousImport) scanfilter: 
RefreshProfiler: Total: 0.000ms
Launching external process: /Applications/Unity/Hub/Editor/2020.3.17f1/Unity.app/Contents/Tools/UnityShaderCompiler
Launched and connected shader compiler UnityShaderCompiler after 0.03 seconds
Initializing Unity extensions:
========================================================================
Worker process is ready to serve import requests
Refreshing native plugins compatible for Editor in 0.50 ms, found 3 plugins.
Preloading 0 native plugins for Editor in 0.00 ms.
Unloading 2190 Unused Serialized files (Serialized files now loaded: 0)
System memory in use before: 199.6 MB.
System memory in use after: 198.9 MB.

Unloading 108 unused Assets to reduce memory usage. Loaded Objects now: 2664.
Total: 3.652198 ms (FindLiveObjects: 0.227248 ms CreateObjectMapping: 0.092387 ms MarkObjects: 2.869330 ms  DeleteObjects: 0.462508 ms)

AssetImportParameters requested are different than current active one (requested -> active):
  custom:video-decoder-ogg-theora: a1e56fd34408186e4bbccfd4996cb3dc -> 
  custom:container-muxer-webm: aa71ff27fc2769a1b78a27578f13a17b -> 
  custom:container-demuxer-webm: 4f35f7cbe854078d1ac9338744f61a02 -> 
  custom:container-demuxer-ogg: 62fdf1f143b41e24485cea50d1cbac27 -> 
  custom:video-encoder-webm-vp8: eb34c28f22e8b96e1ab97ce403110664 -> 
  custom:framework-osx-AVFoundation: b23960f63f64bdc6ff669e2cdcee2391 -> 
  custom:video-decoder-webm-vp8: 9c59270c3fd7afecdb556c50c9e8de78 -> 
  custom:audio-decoder-ogg-vorbis: bf7c407c2cedff20999df2af8eb42d56 -> 
  custom:audio-encoder-webm-vorbis: bf7c407c2cedff20999df2af8eb42d56 -> 
========================================================================
Received Import Request.
  path: Assets/Scenes/Battle.unity
  artifactKey: Guid(e025290d099aa47cb8b8e9f1d5660af3) Importer(815301076,1909f56bfc062723c751e8b465ee728b)
Start importing Assets/Scenes/Battle.unity using Guid(e025290d099aa47cb8b8e9f1d5660af3) Importer(815301076,1909f56bfc062723c751e8b465ee728b)  -> (artifact id: 'f49bcade460f255c305938a335f5063a') in 0.014239 seconds 
  Import took 0.017824 seconds .

========================================================================
Received Prepare
Registering precompiled user dll's ...
Registered in 0.001677 seconds.
Begin MonoManager ReloadAssembly
Native extension for OSXStandalone target not found
Native extension for WebGL target not found
Refreshing native plugins compatible for Editor in 0.52 ms, found 3 plugins.
Preloading 0 native plugins for Editor in 0.00 ms.
Mono: successfully reloaded assembly
- Completed reload, in  1.195 seconds
Domain Reload Profiling:
	ReloadAssembly (1196ms)
		BeginReloadAssembly (122ms)
			ExecutionOrderSort (0ms)
			DisableScriptedObjects (7ms)
			BackupInstance (0ms)
			ReleaseScriptingObjects (0ms)
			CreateAndSetChildDomain (65ms)
		EndReloadAssembly (1004ms)
			LoadAssemblies (70ms)
			RebuildTransferFunctionScriptingTraits (0ms)
			SetupTypeCache (368ms)
			ReleaseScriptCaches (1ms)
			RebuildScriptCaches (56ms)
			SetupLoadedEditorAssemblies (369ms)
				LogAssemblyErrors (0ms)
				InitializePlatformSupportModulesInManaged (6ms)
				SetLoadedEditorAssemblies (1ms)
				RefreshPlugins (1ms)
				BeforeProcessingInitializeOnLoad (125ms)
				ProcessInitializeOnLoadAttributes (225ms)
				ProcessInitializeOnLoadMethodAttributes (11ms)
				AfterProcessingInitializeOnLoad (1ms)
				EditorAssembliesLoaded (0ms)
			ExecutionOrderSort2 (0ms)
			AwakeInstancesAfterBackupRestoration (10ms)
Platform modules already initialized, skipping
Refreshing native plugins compatible for Editor in 0.53 ms, found 3 plugins.
Preloading 0 native plugins for Editor in 0.00 ms.
Unloading 2178 Unused Serialized files (Serialized files now loaded: 0)
System memory in use before: 196.9 MB.
System memory in use after: 197.0 MB.

Unloading 18 unused Assets to reduce memory usage. Loaded Objects now: 2667.
Total: 2.900242 ms (FindLiveObjects: 0.217399 ms CreateObjectMapping: 0.075557 ms MarkObjects: 2.590751 ms  DeleteObjects: 0.015778 ms)

AssetImportParameters requested are different than current active one (requested -> active):
  custom:video-decoder-ogg-theora: a1e56fd34408186e4bbccfd4996cb3dc -> 
  custom:container-muxer-webm: aa71ff27fc2769a1b78a27578f13a17b -> 
  custom:container-demuxer-webm: 4f35f7cbe854078d1ac9338744f61a02 -> 
  custom:container-demuxer-ogg: 62fdf1f143b41e24485cea50d1cbac27 -> 
  custom:video-encoder-webm-vp8: eb34c28f22e8b96e1ab97ce403110664 -> 
  custom:framework-osx-AVFoundation: b23960f63f64bdc6ff669e2cdcee2391 -> 
  custom:video-decoder-webm-vp8: 9c59270c3fd7afecdb556c50c9e8de78 -> 
  custom:audio-decoder-ogg-vorbis: bf7c407c2cedff20999df2af8eb42d56 -> 
  custom:audio-encoder-webm-vorbis: bf7c407c2cedff20999df2af8eb42d56 -> 
========================================================================
Received Import Request.
  Time since last request: 169.904389 seconds.
  path: Assets/Animations/Warrior1_Animations/WarriorAnimator.controller
  artifactKey: Guid(4afe20b5c90f649f88a4b4ceb26bbfff) Importer(815301076,1909f56bfc062723c751e8b465ee728b)
Start importing Assets/Animations/Warrior1_Animations/WarriorAnimator.controller using Guid(4afe20b5c90f649f88a4b4ceb26bbfff) Importer(815301076,1909f56bfc062723c751e8b465ee728b)  -> (artifact id: '81549e625e7ddbb74a08558efe5c9e95') in 0.396583 seconds 
  Import took 0.411392 seconds .

========================================================================
Received Import Request.
  Time since last request: 92.994329 seconds.
  path: Assets/medieval-fantasy/characters
  artifactKey: Guid(1aa17770bbd474cd489dcb7fea1719e3) Importer(815301076,1909f56bfc062723c751e8b465ee728b)
Start importing Assets/medieval-fantasy/characters using Guid(1aa17770bbd474cd489dcb7fea1719e3) Importer(815301076,1909f56bfc062723c751e8b465ee728b)  -> (artifact id: '642d46a3fd4b4a43a10090434f4f9c0f') in 0.004676 seconds 
  Import took 0.015958 seconds .

========================================================================
Received Import Request.
  Time since last request: 1.657470 seconds.
  path: Assets/medieval-fantasy/characters/1.png
  artifactKey: Guid(093ebf1ce2ba74a6a9ead1ac9d989ec3) Importer(815301076,1909f56bfc062723c751e8b465ee728b)
Start importing Assets/medieval-fantasy/characters/1.png using Guid(093ebf1ce2ba74a6a9ead1ac9d989ec3) Importer(815301076,1909f56bfc062723c751e8b465ee728b)  -> (artifact id: '9db410acadb808833526356c4c69541c') in 0.495976 seconds 
  Import took 0.516146 seconds .

========================================================================
Received Import Request.
  Time since last request: 0.001833 seconds.
  path: Assets/medieval-fantasy/characters/8.png
  artifactKey: Guid(a17f13a5c4c404ebeac0b0b659ce33b2) Importer(815301076,1909f56bfc062723c751e8b465ee728b)
Start importing Assets/medieval-fantasy/characters/8.png using Guid(a17f13a5c4c404ebeac0b0b659ce33b2) Importer(815301076,1909f56bfc062723c751e8b465ee728b)  -> (artifact id: '5f3d2a446246e6cb56c8d03dbf84d0bf') in 0.023074 seconds 
  Import took 0.043903 seconds .

========================================================================
Received Import Request.
  Time since last request: 0.000292 seconds.
  path: Assets/medieval-fantasy/characters/characters.gif
  artifactKey: Guid(5c09dc87769e74a75bed6fce731b1113) Importer(815301076,1909f56bfc062723c751e8b465ee728b)
Start importing Assets/medieval-fantasy/characters/characters.gif using Guid(5c09dc87769e74a75bed6fce731b1113) Importer(815301076,1909f56bfc062723c751e8b465ee728b)  -> (artifact id: '3e9f587ed92c956b64087e9f62868ec9') in 1.048444 seconds 
  Import took 1.059219 seconds .

========================================================================
Received Import Request.
  Time since last request: 0.002472 seconds.
  path: Assets/medieval-fantasy/characters/5.png
  artifactKey: Guid(80916cf3502cc40ddae102705257d04b) Importer(815301076,1909f56bfc062723c751e8b465ee728b)
Start importing Assets/medieval-fantasy/characters/5.png using Guid(80916cf3502cc40ddae102705257d04b) Importer(815301076,1909f56bfc062723c751e8b465ee728b)  -> (artifact id: '3733ff3df5c82de94d6f6bb58d42ebe3') in 0.024316 seconds 
  Import took 0.044097 seconds .

========================================================================
Received Import Request.
  Time since last request: 0.000395 seconds.
  path: Assets/medieval-fantasy/characters/4.png
  artifactKey: Guid(994170a9faca64e4e8be958748385854) Importer(815301076,1909f56bfc062723c751e8b465ee728b)
Start importing Assets/medieval-fantasy/characters/4.png using Guid(994170a9faca64e4e8be958748385854) Importer(815301076,1909f56bfc062723c751e8b465ee728b)  -> (artifact id: '623b77b3468fa0991c1b977e80cdc149') in 0.021269 seconds 
  Import took 0.025381 seconds .

========================================================================
Received Import Request.
  Time since last request: 0.000405 seconds.
  path: Assets/medieval-fantasy/characters/3.png
  artifactKey: Guid(edefc6220855d46b8a6efc0f5cc5cca9) Importer(815301076,1909f56bfc062723c751e8b465ee728b)
Start importing Assets/medieval-fantasy/characters/3.png using Guid(edefc6220855d46b8a6efc0f5cc5cca9) Importer(815301076,1909f56bfc062723c751e8b465ee728b)  -> (artifact id: '6dcc519f4b5724c3aef1c85b1294bfeb') in 0.012002 seconds 
  Import took 0.029483 seconds .

========================================================================
Received Import Request.
  Time since last request: 0.000403 seconds.
  path: Assets/medieval-fantasy/characters/2.png
  artifactKey: Guid(81da09ef91a2140d9b9530fcd476758a) Importer(815301076,1909f56bfc062723c751e8b465ee728b)
Start importing Assets/medieval-fantasy/characters/2.png using Guid(81da09ef91a2140d9b9530fcd476758a) Importer(815301076,1909f56bfc062723c751e8b465ee728b)  -> (artifact id: '137c3853c19f0aeb3d657b588844960d') in 0.021789 seconds 
  Import took 0.031974 seconds .

========================================================================
Received Import Request.
  Time since last request: 0.000260 seconds.
  path: Assets/medieval-fantasy/characters/7.png
  artifactKey: Guid(a7193ae74b0f8435ba4c4b3a2a0f382b) Importer(815301076,1909f56bfc062723c751e8b465ee728b)
Start importing Assets/medieval-fantasy/characters/7.png using Guid(a7193ae74b0f8435ba4c4b3a2a0f382b) Importer(815301076,1909f56bfc062723c751e8b465ee728b)  -> (artifact id: 'cb54bac064514a1654c9e1ad8d075c2d') in 0.022315 seconds 
  Import took 0.042331 seconds .

========================================================================
Received Import Request.
  Time since last request: 0.000258 seconds.
  path: Assets/medieval-fantasy/characters/6.png
  artifactKey: Guid(b7e6fbce0f15c4f4f86fd8bbf112c792) Importer(815301076,1909f56bfc062723c751e8b465ee728b)
Start importing Assets/medieval-fantasy/characters/6.png using Guid(b7e6fbce0f15c4f4f86fd8bbf112c792) Importer(815301076,1909f56bfc062723c751e8b465ee728b)  -> (artifact id: '31b60d3e1c9da17632c6d516b953a7d6') in 0.012261 seconds 
  Import took 0.016274 seconds .

========================================================================
Received Import Request.
  Time since last request: 0.000259 seconds.
  path: Assets/medieval-fantasy/characters/9.png
  artifactKey: Guid(bc8bf3c6f5a884638aa7c10306ae421a) Importer(815301076,1909f56bfc062723c751e8b465ee728b)
Start importing Assets/medieval-fantasy/characters/9.png using Guid(bc8bf3c6f5a884638aa7c10306ae421a) Importer(815301076,1909f56bfc062723c751e8b465ee728b)  -> (artifact id: '9629cfff17dd218661ffd062f5343fdc') in 0.012682 seconds 
  Import took 0.016227 seconds .

========================================================================
Received Import Request.
  Time since last request: 0.000337 seconds.
  path: Assets/medieval-fantasy/characters/10.png
  artifactKey: Guid(3de5303ceff2f4f02a0d8e5b20c4090d) Importer(815301076,1909f56bfc062723c751e8b465ee728b)
Start importing Assets/medieval-fantasy/characters/10.png using Guid(3de5303ceff2f4f02a0d8e5b20c4090d) Importer(815301076,1909f56bfc062723c751e8b465ee728b)  -> (artifact id: '45091515b627ac9810d528884e42ae09') in 0.013161 seconds 
  Import took 0.017991 seconds .

========================================================================
Received Import Request.
  Time since last request: 23.722193 seconds.
  path: Assets/rpg-battle-system/char/warrior/sprite-sheet-2-240x104.png
  artifactKey: Guid(8d14114b2570640539506c9d4307ec18) Importer(815301076,1909f56bfc062723c751e8b465ee728b)
Start importing Assets/rpg-battle-system/char/warrior/sprite-sheet-2-240x104.png using Guid(8d14114b2570640539506c9d4307ec18) Importer(815301076,1909f56bfc062723c751e8b465ee728b)  -> (artifact id: '66202b4d45c6d90407b821c95b8171f8') in 0.012107 seconds 
  Import took 0.029243 seconds .

========================================================================
Received Import Request.
  Time since last request: 0.006703 seconds.
  path: Assets/rpg-battle-system/char/warrior/sprite-sheet-2-240x104.png
  artifactKey: Guid(8d14114b2570640539506c9d4307ec18) Importer(815301076,1909f56bfc062723c751e8b465ee728b)
Start importing Assets/rpg-battle-system/char/warrior/sprite-sheet-2-240x104.png using Guid(8d14114b2570640539506c9d4307ec18) Importer(815301076,1909f56bfc062723c751e8b465ee728b)  -> (artifact id: '66202b4d45c6d90407b821c95b8171f8') in 0.008998 seconds 
  Import took 0.013315 seconds .

========================================================================
Received Import Request.
  Time since last request: 10.923760 seconds.
  path: Assets/rpg-battle-system/char/warrior/sprite-sheet-2-240x104.png
  artifactKey: Guid(8d14114b2570640539506c9d4307ec18) Importer(815301076,1909f56bfc062723c751e8b465ee728b)
Start importing Assets/rpg-battle-system/char/warrior/sprite-sheet-2-240x104.png using Guid(8d14114b2570640539506c9d4307ec18) Importer(815301076,1909f56bfc062723c751e8b465ee728b)  -> (artifact id: 'e0e0ca2fbf9c0fa5d92a709764b79df7') in 0.078928 seconds 
  Import took 0.083884 seconds .

========================================================================
Received Import Request.
  Time since last request: 170.184113 seconds.
  path: Assets/Animations/Warrior1_Animations/WarriorAnimator.controller
  artifactKey: Guid(4afe20b5c90f649f88a4b4ceb26bbfff) Importer(815301076,1909f56bfc062723c751e8b465ee728b)
Start importing Assets/Animations/Warrior1_Animations/WarriorAnimator.controller using Guid(4afe20b5c90f649f88a4b4ceb26bbfff) Importer(815301076,1909f56bfc062723c751e8b465ee728b)  -> (artifact id: '6b81a94dcb95eca58e2080a70f0cd6e2') in 0.006472 seconds 
  Import took 0.011111 seconds .

