Unity Editor version:    2020.3.17f1 (a4537701e4ab)
Branch:                  2020.3/staging
Build type:              Release
Batch mode:              YES
macOS version:           Version 10.14.6 (Build 18G87)
Darwin version:          18.7.0
Architecture:            x86_64
Running under Rosetta:   NO
Available memory:        8192 MB
Using pre-set license
Pro License: NO

COMMAND LINE ARGUMENTS:
/Applications/Unity/Hub/Editor/2020.3.17f1/Unity.app/Contents/MacOS/Unity
-adb2
-batchMode
-noUpm
-name
AssetImportWorker0
-projectPath
/Users/nileslo182/Documents/GitHub/lniles182.github.io/Unity/Awesome RPG
-logFile
Logs/AssetImportWorker0.log
-srvPort
54791
Successfully changed project path to: /Users/nileslo182/Documents/GitHub/lniles182.github.io/Unity/Awesome RPG
Could not lock editor preferences. Preferences updates for this instance of Unity will not be saved./Users/nileslo182/Documents/GitHub/lniles182.github.io/Unity/Awesome RPG
Using Asset Import Pipeline V2.
Refreshing native plugins compatible for Editor in 42.54 ms, found 3 plugins.
Preloading 0 native plugins for Editor in 0.00 ms.
Initialize engine version: 2020.3.17f1 (a4537701e4ab)
[Subsystems] Discovering subsystems at path /Applications/Unity/Hub/Editor/2020.3.17f1/Unity.app/Contents/Resources/UnitySubsystems
[Subsystems] Discovering subsystems at path /Users/nileslo182/Documents/GitHub/lniles182.github.io/Unity/Awesome RPG/Assets
GfxDevice: creating device client; threaded=0
2022-04-13 09:35:51.081 Unity[27923:5341642] iMac preferred device: AMD Radeon Pro 570 (high power)
2022-04-13 09:35:51.081 Unity[27923:5341642] Metal devices available: 1
2022-04-13 09:35:51.081 Unity[27923:5341642] 0: AMD Radeon Pro 570 (high power)
2022-04-13 09:35:51.081 Unity[27923:5341642] Using device AMD Radeon Pro 570 (high power)
Initializing Metal device caps: AMD Radeon Pro 570
Initialize mono
Mono path[0] = '/Applications/Unity/Hub/Editor/2020.3.17f1/Unity.app/Contents/Managed'
Mono path[1] = '/Applications/Unity/Hub/Editor/2020.3.17f1/Unity.app/Contents/MonoBleedingEdge/lib/mono/unityjit'
Mono config path = '/Applications/Unity/Hub/Editor/2020.3.17f1/Unity.app/Contents/MonoBleedingEdge/etc'
Using monoOptions --debugger-agent=transport=dt_socket,embedding=1,server=y,suspend=n,address=127.0.0.1:56923
Begin MonoManager ReloadAssembly
Registering precompiled unity dll's ...
Register platform support module: /Applications/Unity/Hub/Editor/2020.3.17f1/PlaybackEngines/WebGLSupport/UnityEditor.WebGL.Extensions.dll
Register platform support module: /Applications/Unity/Hub/Editor/2020.3.17f1/Unity.app/Contents/PlaybackEngines/MacStandaloneSupport/UnityEditor.OSXStandalone.Extensions.dll
Registered in 0.000451 seconds.
Native extension for OSXStandalone target not found
Native extension for WebGL target not found
Refreshing native plugins compatible for Editor in 42.44 ms, found 3 plugins.
Preloading 0 native plugins for Editor in 0.00 ms.
Mono: successfully reloaded assembly
- Completed reload, in  1.590 seconds
Domain Reload Profiling:
	ReloadAssembly (1591ms)
		BeginReloadAssembly (37ms)
			ExecutionOrderSort (0ms)
			DisableScriptedObjects (0ms)
			BackupInstance (0ms)
			ReleaseScriptingObjects (0ms)
			CreateAndSetChildDomain (1ms)
		EndReloadAssembly (522ms)
			LoadAssemblies (36ms)
			RebuildTransferFunctionScriptingTraits (0ms)
			SetupTypeCache (197ms)
			ReleaseScriptCaches (0ms)
			RebuildScriptCaches (41ms)
			SetupLoadedEditorAssemblies (230ms)
				LogAssemblyErrors (0ms)
				InitializePlatformSupportModulesInManaged (5ms)
				SetLoadedEditorAssemblies (0ms)
				RefreshPlugins (42ms)
				BeforeProcessingInitializeOnLoad (27ms)
				ProcessInitializeOnLoadAttributes (108ms)
				ProcessInitializeOnLoadMethodAttributes (47ms)
				AfterProcessingInitializeOnLoad (0ms)
				EditorAssembliesLoaded (0ms)
			ExecutionOrderSort2 (0ms)
			AwakeInstancesAfterBackupRestoration (0ms)
Platform modules already initialized, skipping
Registering precompiled user dll's ...
Registered in 0.001533 seconds.
Begin MonoManager ReloadAssembly
Native extension for OSXStandalone target not found
Native extension for WebGL target not found
Refreshing native plugins compatible for Editor in 44.56 ms, found 3 plugins.
Preloading 0 native plugins for Editor in 0.00 ms.
Mono: successfully reloaded assembly
- Completed reload, in  1.402 seconds
Domain Reload Profiling:
	ReloadAssembly (1402ms)
		BeginReloadAssembly (160ms)
			ExecutionOrderSort (0ms)
			DisableScriptedObjects (5ms)
			BackupInstance (0ms)
			ReleaseScriptingObjects (0ms)
			CreateAndSetChildDomain (33ms)
		EndReloadAssembly (1170ms)
			LoadAssemblies (74ms)
			RebuildTransferFunctionScriptingTraits (0ms)
			SetupTypeCache (361ms)
			ReleaseScriptCaches (1ms)
			RebuildScriptCaches (62ms)
			SetupLoadedEditorAssemblies (522ms)
				LogAssemblyErrors (0ms)
				InitializePlatformSupportModulesInManaged (5ms)
				SetLoadedEditorAssemblies (0ms)
				RefreshPlugins (45ms)
				BeforeProcessingInitializeOnLoad (97ms)
				ProcessInitializeOnLoadAttributes (360ms)
				ProcessInitializeOnLoadMethodAttributes (13ms)
				AfterProcessingInitializeOnLoad (1ms)
				EditorAssembliesLoaded (0ms)
			ExecutionOrderSort2 (0ms)
			AwakeInstancesAfterBackupRestoration (7ms)
Platform modules already initialized, skipping
Validating Project structure ... 0.000314 seconds.
Shader import version has changed; will reimport all shaders...
Upgrading shader files ...0.000361 seconds.
Application.AssetDatabase Initial Script Refresh Start
RefreshInfo: InitialScriptRefreshV2(NoUpdateAssetOptions) scanfilter:  ... 1 filters
RefreshProfiler: Total: 0.000ms
Application.AssetDatabase Initial Script Refresh End
Application.AssetDatabase.Refresh Start
Application.AssetDatabase.Refresh End
RefreshInfo: StopAssetImportingV2(ForceSynchronousImport) scanfilter: 
RefreshProfiler: Total: 0.000ms
Launching external process: /Applications/Unity/Hub/Editor/2020.3.17f1/Unity.app/Contents/Tools/UnityShaderCompiler
Launched and connected shader compiler UnityShaderCompiler after 0.02 seconds
Initializing Unity extensions:
========================================================================
Worker process is ready to serve import requests
Refreshing native plugins compatible for Editor in 0.53 ms, found 3 plugins.
Preloading 0 native plugins for Editor in 0.00 ms.
Unloading 2092 Unused Serialized files (Serialized files now loaded: 0)
System memory in use before: 194.9 MB.
System memory in use after: 194.1 MB.

Unloading 101 unused Assets to reduce memory usage. Loaded Objects now: 2568.
Total: 3.618195 ms (FindLiveObjects: 0.300646 ms CreateObjectMapping: 0.084421 ms MarkObjects: 2.761219 ms  DeleteObjects: 0.471031 ms)

AssetImportParameters requested are different than current active one (requested -> active):
  custom:video-decoder-ogg-theora: a1e56fd34408186e4bbccfd4996cb3dc -> 
  custom:container-muxer-webm: aa71ff27fc2769a1b78a27578f13a17b -> 
  custom:container-demuxer-webm: 4f35f7cbe854078d1ac9338744f61a02 -> 
  custom:container-demuxer-ogg: 62fdf1f143b41e24485cea50d1cbac27 -> 
  custom:video-encoder-webm-vp8: eb34c28f22e8b96e1ab97ce403110664 -> 
  custom:framework-osx-AVFoundation: b23960f63f64bdc6ff669e2cdcee2391 -> 
  custom:video-decoder-webm-vp8: 9c59270c3fd7afecdb556c50c9e8de78 -> 
  custom:audio-decoder-ogg-vorbis: bf7c407c2cedff20999df2af8eb42d56 -> 
  custom:audio-encoder-webm-vorbis: bf7c407c2cedff20999df2af8eb42d56 -> 
========================================================================
Received Import Request.
  path: Assets/snake-Portrait.png
  artifactKey: Guid(1e26bddc57374482d9330db6dfe9ead4) Importer(815301076,1909f56bfc062723c751e8b465ee728b)
Start importing Assets/snake-Portrait.png using Guid(1e26bddc57374482d9330db6dfe9ead4) Importer(815301076,1909f56bfc062723c751e8b465ee728b)  -> (artifact id: 'e7da723f8f9e041edee3f1ae85436c9c') in 0.398088 seconds 
  Import took 0.401269 seconds .

========================================================================
Received Import Request.
  Time since last request: 0.001894 seconds.
  path: Assets/TradeWinds-Regular.ttf
  artifactKey: Guid(ebadbab177a01400a9b6d879fc0c5460) Importer(815301076,1909f56bfc062723c751e8b465ee728b)
Start importing Assets/TradeWinds-Regular.ttf using Guid(ebadbab177a01400a9b6d879fc0c5460) Importer(815301076,1909f56bfc062723c751e8b465ee728b)  -> (artifact id: '26f96b7409100b42db7a5be6f56ec726') in 0.541650 seconds 
  Import took 0.544781 seconds .

========================================================================
Received Import Request.
  Time since last request: 3.553414 seconds.
  path: Assets
  artifactKey: Guid(00000000000000001000000000000000) Importer(815301076,1909f56bfc062723c751e8b465ee728b)
Start importing Assets using Guid(00000000000000001000000000000000) Importer(815301076,1909f56bfc062723c751e8b465ee728b)  -> (artifact id: '42d402b061de3733987d63b9cc3b64de') in 0.001725 seconds 
  Import took 0.004609 seconds .

========================================================================
Received Import Request.
  Time since last request: 0.042519 seconds.
  path: Assets
  artifactKey: Guid(00000000000000001000000000000000) Importer(815301076,1909f56bfc062723c751e8b465ee728b)
Start importing Assets using Guid(00000000000000001000000000000000) Importer(815301076,1909f56bfc062723c751e8b465ee728b)  -> (artifact id: '42d402b061de3733987d63b9cc3b64de') in 0.001631 seconds 
  Import took 0.004770 seconds .

========================================================================
Received Import Request.
  Time since last request: 7.191839 seconds.
  path: Assets/Fonts
  artifactKey: Guid(4ac6b752649b04887b6e6016b8465d8d) Importer(815301076,1909f56bfc062723c751e8b465ee728b)
Start importing Assets/Fonts using Guid(4ac6b752649b04887b6e6016b8465d8d) Importer(815301076,1909f56bfc062723c751e8b465ee728b)  -> (artifact id: 'eddc970749ce9fbffc7c24d6e224c738') in 0.002300 seconds 
  Import took 0.016009 seconds .

========================================================================
Received Import Request.
  Time since last request: 7.010186 seconds.
  path: Assets/Prefabs
  artifactKey: Guid(f3290fc95dd9147c1bc8debd6890b34f) Importer(815301076,1909f56bfc062723c751e8b465ee728b)
Start importing Assets/Prefabs using Guid(f3290fc95dd9147c1bc8debd6890b34f) Importer(815301076,1909f56bfc062723c751e8b465ee728b)  -> (artifact id: 'cc93992c827b610a705bfd11d2f9c317') in 0.002627 seconds 
  Import took 0.007000 seconds .

========================================================================
Received Import Request.
  Time since last request: 5.289588 seconds.
  path: Assets/Scripts
  artifactKey: Guid(c21781fe1fe104328a91988908c8baf6) Importer(815301076,1909f56bfc062723c751e8b465ee728b)
Start importing Assets/Scripts using Guid(c21781fe1fe104328a91988908c8baf6) Importer(815301076,1909f56bfc062723c751e8b465ee728b)  -> (artifact id: '66d928cc87d78185a7904808749bbe99') in 0.002375 seconds 
  Import took 0.006525 seconds .

========================================================================
Received Import Request.
  Time since last request: 5.024861 seconds.
  path: Assets/Sprites
  artifactKey: Guid(1344b0f8864464b5c9adfe7ed5ff7b32) Importer(815301076,1909f56bfc062723c751e8b465ee728b)
Start importing Assets/Sprites using Guid(1344b0f8864464b5c9adfe7ed5ff7b32) Importer(815301076,1909f56bfc062723c751e8b465ee728b)  -> (artifact id: '9c5059acf5f425f5074af49646cda5cb') in 0.004693 seconds 
  Import took 0.008128 seconds .

========================================================================
Received Import Request.
  Time since last request: 1.610112 seconds.
  path: Assets/Sprites/medieval-fantasy.zip
  artifactKey: Guid(9033ae96d57ca4590a1947231ee1a20b) Importer(815301076,1909f56bfc062723c751e8b465ee728b)
Start importing Assets/Sprites/medieval-fantasy.zip using Guid(9033ae96d57ca4590a1947231ee1a20b) Importer(815301076,1909f56bfc062723c751e8b465ee728b)  -> (artifact id: '6cc0db90a39874a7571c48d10252a554') in 0.184674 seconds 
  Import took 0.188213 seconds .

========================================================================
Received Import Request.
  Time since last request: 20.211067 seconds.
  path: Assets/Sprites/rpg-battle-system.zip
  artifactKey: Guid(d8f5d1546c41a43f2abeedbafc698074) Importer(815301076,1909f56bfc062723c751e8b465ee728b)
Start importing Assets/Sprites/rpg-battle-system.zip using Guid(d8f5d1546c41a43f2abeedbafc698074) Importer(815301076,1909f56bfc062723c751e8b465ee728b)  -> (artifact id: 'd500cba922443c2ee92eb442a5825cd6') in 0.008032 seconds 
  Import took 0.011738 seconds .

========================================================================
Received Import Request.
  Time since last request: 310.352229 seconds.
  path: ProjectSettings/TagManager.asset
  artifactKey: Guid(00000000000000003000000000000000) Importer(815301076,1909f56bfc062723c751e8b465ee728b)
Start importing ProjectSettings/TagManager.asset using Guid(00000000000000003000000000000000) Importer(815301076,1909f56bfc062723c751e8b465ee728b)  -> (artifact id: '95df672b4aaba54310d34c83eef51bb8') in 0.179152 seconds 
  Import took 0.182271 seconds .

========================================================================
Received Import Request.
  Time since last request: 36.510967 seconds.
  path: Assets/Sprites/medieval-fantasy
  artifactKey: Guid(91c19f4c2616a4ddea96faf70c2e7948) Importer(815301076,1909f56bfc062723c751e8b465ee728b)
Start importing Assets/Sprites/medieval-fantasy using Guid(91c19f4c2616a4ddea96faf70c2e7948) Importer(815301076,1909f56bfc062723c751e8b465ee728b)  -> (artifact id: '46786e2003d0d73c51ddcb7bcca2d790') in 0.004766 seconds 
  Import took 0.008583 seconds .

========================================================================
Received Import Request.
  Time since last request: 0.191467 seconds.
  path: Assets/Sprites/medieval-fantasy/font-1.png
  artifactKey: Guid(4ba2c07ff45794907bb7c3c4cc14897e) Importer(815301076,1909f56bfc062723c751e8b465ee728b)
Start importing Assets/Sprites/medieval-fantasy/font-1.png using Guid(4ba2c07ff45794907bb7c3c4cc14897e) Importer(815301076,1909f56bfc062723c751e8b465ee728b)  -> (artifact id: '22604279bd8636a1aeb98de5eddd7bab') in 0.011610 seconds 
  Import took 0.015009 seconds .

========================================================================
Received Import Request.
  Time since last request: 0.000234 seconds.
  path: Assets/Sprites/medieval-fantasy/font-2.png
  artifactKey: Guid(3eec8da246c544051b004ef663ed9fe2) Importer(815301076,1909f56bfc062723c751e8b465ee728b)
Start importing Assets/Sprites/medieval-fantasy/font-2.png using Guid(3eec8da246c544051b004ef663ed9fe2) Importer(815301076,1909f56bfc062723c751e8b465ee728b)  -> (artifact id: 'c289e38782b73ff83432b919cfeacf6a') in 0.008821 seconds 
  Import took 0.011649 seconds .

========================================================================
Received Import Request.
  Time since last request: 0.000292 seconds.
  path: Assets/Sprites/medieval-fantasy/preview.png
  artifactKey: Guid(e0c101707bf724ee2b46b4b3e7da9ae1) Importer(815301076,1909f56bfc062723c751e8b465ee728b)
Start importing Assets/Sprites/medieval-fantasy/preview.png using Guid(e0c101707bf724ee2b46b4b3e7da9ae1) Importer(815301076,1909f56bfc062723c751e8b465ee728b)  -> (artifact id: 'cfb7e4d2e8d7535b84a8a289cae833d9') in 0.011850 seconds 
  Import took 0.014606 seconds .

========================================================================
Received Import Request.
  Time since last request: 1.595422 seconds.
  path: Assets/Sprites/rpg-battle-system/font-16x16.png
  artifactKey: Guid(528dce6f7ade045e78e1458c13f392aa) Importer(815301076,1909f56bfc062723c751e8b465ee728b)
Start importing Assets/Sprites/rpg-battle-system/font-16x16.png using Guid(528dce6f7ade045e78e1458c13f392aa) Importer(815301076,1909f56bfc062723c751e8b465ee728b)  -> (artifact id: '19f64988a1dd4dfbde93248c3142a01f') in 0.012607 seconds 
  Import took 0.016497 seconds .

========================================================================
Received Import Request.
  Time since last request: 0.000275 seconds.
  path: Assets/Sprites/rpg-battle-system/preview.png
  artifactKey: Guid(d5cfbe5c8b5b04bfaa1bfeb89f3698d0) Importer(815301076,1909f56bfc062723c751e8b465ee728b)
Start importing Assets/Sprites/rpg-battle-system/preview.png using Guid(d5cfbe5c8b5b04bfaa1bfeb89f3698d0) Importer(815301076,1909f56bfc062723c751e8b465ee728b)  -> (artifact id: '2c0fd61741f58bd306efc16ad92f5050') in 0.013583 seconds 
  Import took 0.016903 seconds .

========================================================================
Received Import Request.
  Time since last request: 0.000326 seconds.
  path: Assets/Sprites/rpg-battle-system/preview2.png
  artifactKey: Guid(6acdbcb348ea24fbf926c9b9052d8453) Importer(815301076,1909f56bfc062723c751e8b465ee728b)
Start importing Assets/Sprites/rpg-battle-system/preview2.png using Guid(6acdbcb348ea24fbf926c9b9052d8453) Importer(815301076,1909f56bfc062723c751e8b465ee728b)  -> (artifact id: 'a5956e576d63389cbd2bd8c5f3d5569f') in 0.013889 seconds 
  Import took 0.018134 seconds .

========================================================================
Received Import Request.
  Time since last request: 0.000351 seconds.
  path: Assets/Sprites/rpg-battle-system/mockup.png
  artifactKey: Guid(f3db495ab46ae4096be5b184cb23c11f) Importer(815301076,1909f56bfc062723c751e8b465ee728b)
Start importing Assets/Sprites/rpg-battle-system/mockup.png using Guid(f3db495ab46ae4096be5b184cb23c11f) Importer(815301076,1909f56bfc062723c751e8b465ee728b)  -> (artifact id: '06e8b367ce2bdd8625251e8d9615049c') in 0.010613 seconds 
  Import took 0.015106 seconds .

========================================================================
Received Import Request.
  Time since last request: 0.000323 seconds.
  path: Assets/Sprites/rpg-battle-system/mockup2.png
  artifactKey: Guid(f6ac89e62d3a94c19b247b4c61367aba) Importer(815301076,1909f56bfc062723c751e8b465ee728b)
Start importing Assets/Sprites/rpg-battle-system/mockup2.png using Guid(f6ac89e62d3a94c19b247b4c61367aba) Importer(815301076,1909f56bfc062723c751e8b465ee728b)  -> (artifact id: 'f1e81db1e3a05dc45afe99f44a2dcbcb') in 0.012996 seconds 
  Import took 0.016814 seconds .

========================================================================
Received Import Request.
  Time since last request: 0.000288 seconds.
  path: Assets/Sprites/rpg-battle-system/font-20x20.png
  artifactKey: Guid(cc2820cf5d39e43e38584609cde82368) Importer(815301076,1909f56bfc062723c751e8b465ee728b)
Start importing Assets/Sprites/rpg-battle-system/font-20x20.png using Guid(cc2820cf5d39e43e38584609cde82368) Importer(815301076,1909f56bfc062723c751e8b465ee728b)  -> (artifact id: '68a6ef5c9a4530018177964970027f90') in 0.013122 seconds 
  Import took 0.017614 seconds .

========================================================================
Received Import Request.
  Time since last request: 1.064879 seconds.
  path: Assets/Sprites/rpg-battle-system/backgrounds
  artifactKey: Guid(610ccfc20e12440348513eafe81e51d4) Importer(815301076,1909f56bfc062723c751e8b465ee728b)
Start importing Assets/Sprites/rpg-battle-system/backgrounds using Guid(610ccfc20e12440348513eafe81e51d4) Importer(815301076,1909f56bfc062723c751e8b465ee728b)  -> (artifact id: 'e22f41c13cdd6c6596cf15fab76b8b47') in 0.001887 seconds 
  Import took 0.006313 seconds .

========================================================================
Received Import Request.
  Time since last request: 0.063336 seconds.
  path: Assets/Sprites/rpg-battle-system/backgrounds/1-night.png
  artifactKey: Guid(c1f58326525ed4f86bd95780896a733b) Importer(815301076,1909f56bfc062723c751e8b465ee728b)
Start importing Assets/Sprites/rpg-battle-system/backgrounds/1-night.png using Guid(c1f58326525ed4f86bd95780896a733b) Importer(815301076,1909f56bfc062723c751e8b465ee728b)  -> (artifact id: 'f76f1074a5da21fb4821936822d608d2') in 0.012188 seconds 
  Import took 0.016232 seconds .

========================================================================
Received Import Request.
  Time since last request: 0.000252 seconds.
  path: Assets/Sprites/rpg-battle-system/backgrounds/2-night.png
  artifactKey: Guid(dd2fcaab1aeb142b38b4d30247c2822b) Importer(815301076,1909f56bfc062723c751e8b465ee728b)
Start importing Assets/Sprites/rpg-battle-system/backgrounds/2-night.png using Guid(dd2fcaab1aeb142b38b4d30247c2822b) Importer(815301076,1909f56bfc062723c751e8b465ee728b)  -> (artifact id: '6aa0c242b14f556e1e117c8997d84115') in 0.008902 seconds 
  Import took 0.012042 seconds .

========================================================================
Received Import Request.
  Time since last request: 0.000423 seconds.
  path: Assets/Sprites/rpg-battle-system/backgrounds/6-night.png
  artifactKey: Guid(e9914397e58594c0c8df486c6cd6ec3e) Importer(815301076,1909f56bfc062723c751e8b465ee728b)
Start importing Assets/Sprites/rpg-battle-system/backgrounds/6-night.png using Guid(e9914397e58594c0c8df486c6cd6ec3e) Importer(815301076,1909f56bfc062723c751e8b465ee728b)  -> (artifact id: 'a41fb967b8f917a11944890dff03b35a') in 0.018157 seconds 
  Import took 0.022009 seconds .

========================================================================
Received Import Request.
  Time since last request: 0.000346 seconds.
  path: Assets/Sprites/rpg-battle-system/backgrounds/1.png
  artifactKey: Guid(d93ca301635c04e5687a35e0f77b7492) Importer(815301076,1909f56bfc062723c751e8b465ee728b)
Start importing Assets/Sprites/rpg-battle-system/backgrounds/1.png using Guid(d93ca301635c04e5687a35e0f77b7492) Importer(815301076,1909f56bfc062723c751e8b465ee728b)  -> (artifact id: 'd4d0d842368e47ef95628c6fd98ec473') in 0.011731 seconds 
  Import took 0.016027 seconds .

========================================================================
Received Import Request.
  Time since last request: 0.000251 seconds.
  path: Assets/Sprites/rpg-battle-system/backgrounds/11.png
  artifactKey: Guid(ab8dc39c3660d4a2b9151edb80e5ee62) Importer(815301076,1909f56bfc062723c751e8b465ee728b)
Start importing Assets/Sprites/rpg-battle-system/backgrounds/11.png using Guid(ab8dc39c3660d4a2b9151edb80e5ee62) Importer(815301076,1909f56bfc062723c751e8b465ee728b)  -> (artifact id: '1d6ab25941730f85d3671646fc30c117') in 0.011394 seconds 
  Import took 0.015536 seconds .

========================================================================
Received Import Request.
  Time since last request: 0.000291 seconds.
  path: Assets/Sprites/rpg-battle-system/backgrounds/3-night.png
  artifactKey: Guid(efc934f625ca14a7f8dab428c0564925) Importer(815301076,1909f56bfc062723c751e8b465ee728b)
Start importing Assets/Sprites/rpg-battle-system/backgrounds/3-night.png using Guid(efc934f625ca14a7f8dab428c0564925) Importer(815301076,1909f56bfc062723c751e8b465ee728b)  -> (artifact id: '65bde5466c9d3d50fd83f7cc045d29d5') in 0.013369 seconds 
  Import took 0.017162 seconds .

========================================================================
Received Import Request.
  Time since last request: 0.000374 seconds.
  path: Assets/Sprites/rpg-battle-system/backgrounds/5-night.png
  artifactKey: Guid(f152b3471ecd14fa1b3df01559430077) Importer(815301076,1909f56bfc062723c751e8b465ee728b)
Start importing Assets/Sprites/rpg-battle-system/backgrounds/5-night.png using Guid(f152b3471ecd14fa1b3df01559430077) Importer(815301076,1909f56bfc062723c751e8b465ee728b)  -> (artifact id: '887bf4d4e1be0ebac9c397ec5eb953a6') in 0.011347 seconds 
  Import took 0.015175 seconds .

========================================================================
Received Import Request.
  Time since last request: 0.000269 seconds.
  path: Assets/Sprites/rpg-battle-system/backgrounds/23.png
  artifactKey: Guid(df34be1364e4944509e0b7172a93012a) Importer(815301076,1909f56bfc062723c751e8b465ee728b)
Start importing Assets/Sprites/rpg-battle-system/backgrounds/23.png using Guid(df34be1364e4944509e0b7172a93012a) Importer(815301076,1909f56bfc062723c751e8b465ee728b)  -> (artifact id: 'b1475caa2ea9722fdd3eb0216d105fd7') in 0.010559 seconds 
  Import took 0.014011 seconds .

========================================================================
Received Import Request.
  Time since last request: 0.000316 seconds.
  path: Assets/Sprites/rpg-battle-system/backgrounds/18.png
  artifactKey: Guid(18c82d60a21ff4ba08ac09a276e9025f) Importer(815301076,1909f56bfc062723c751e8b465ee728b)
Start importing Assets/Sprites/rpg-battle-system/backgrounds/18.png using Guid(18c82d60a21ff4ba08ac09a276e9025f) Importer(815301076,1909f56bfc062723c751e8b465ee728b)  -> (artifact id: 'ab3eb01b44b96da3541a36b6ab7e3440') in 0.013105 seconds 
  Import took 0.016574 seconds .

========================================================================
Received Import Request.
  Time since last request: 0.000572 seconds.
  path: Assets/Sprites/rpg-battle-system/backgrounds/3.png
  artifactKey: Guid(d39e0c354ca5a4111a734f5ac8d502e3) Importer(815301076,1909f56bfc062723c751e8b465ee728b)
Start importing Assets/Sprites/rpg-battle-system/backgrounds/3.png using Guid(d39e0c354ca5a4111a734f5ac8d502e3) Importer(815301076,1909f56bfc062723c751e8b465ee728b)  -> (artifact id: '9dcd24d12ce40d8a3defbeb8f5f01cb3') in 0.010638 seconds 
  Import took 0.014406 seconds .

========================================================================
Received Import Request.
  Time since last request: 0.000349 seconds.
  path: Assets/Sprites/rpg-battle-system/backgrounds/21.png
  artifactKey: Guid(3c20f407ff1ce4ed7a16f27af3ba846d) Importer(815301076,1909f56bfc062723c751e8b465ee728b)
Start importing Assets/Sprites/rpg-battle-system/backgrounds/21.png using Guid(3c20f407ff1ce4ed7a16f27af3ba846d) Importer(815301076,1909f56bfc062723c751e8b465ee728b)  -> (artifact id: '77a0c7599cfe6e15b1589bdd2148775f') in 0.012748 seconds 
  Import took 0.033487 seconds .

========================================================================
Received Import Request.
  Time since last request: 0.000260 seconds.
  path: Assets/Sprites/rpg-battle-system/backgrounds/19.png
  artifactKey: Guid(8eaebf074200f443fb869f54860bcc7c) Importer(815301076,1909f56bfc062723c751e8b465ee728b)
Start importing Assets/Sprites/rpg-battle-system/backgrounds/19.png using Guid(8eaebf074200f443fb869f54860bcc7c) Importer(815301076,1909f56bfc062723c751e8b465ee728b)  -> (artifact id: 'b206fe81b2ea0681d08359074cd2b0e5') in 0.009622 seconds 
  Import took 0.012894 seconds .

========================================================================
Received Import Request.
  Time since last request: 0.000303 seconds.
  path: Assets/Sprites/rpg-battle-system/backgrounds/14.png
  artifactKey: Guid(5917328a92338487e91f451624441cf6) Importer(815301076,1909f56bfc062723c751e8b465ee728b)
Start importing Assets/Sprites/rpg-battle-system/backgrounds/14.png using Guid(5917328a92338487e91f451624441cf6) Importer(815301076,1909f56bfc062723c751e8b465ee728b)  -> (artifact id: 'f46f164b436adac9b8c2f0d9a46ef6db') in 0.012162 seconds 
  Import took 0.015589 seconds .

========================================================================
Received Import Request.
  Time since last request: 0.000348 seconds.
  path: Assets/Sprites/rpg-battle-system/backgrounds/7-night.png
  artifactKey: Guid(c5ea5d1e61e4143459ce6926c1fb28d6) Importer(815301076,1909f56bfc062723c751e8b465ee728b)
Start importing Assets/Sprites/rpg-battle-system/backgrounds/7-night.png using Guid(c5ea5d1e61e4143459ce6926c1fb28d6) Importer(815301076,1909f56bfc062723c751e8b465ee728b)  -> (artifact id: '32bcbd9849495ac6c1de9060a74a6c2c') in 0.010659 seconds 
  Import took 0.014177 seconds .

========================================================================
Received Import Request.
  Time since last request: 0.000312 seconds.
  path: Assets/Sprites/rpg-battle-system/backgrounds/20.png
  artifactKey: Guid(ab28cc47a944444fd83bda13c7075780) Importer(815301076,1909f56bfc062723c751e8b465ee728b)
Start importing Assets/Sprites/rpg-battle-system/backgrounds/20.png using Guid(ab28cc47a944444fd83bda13c7075780) Importer(815301076,1909f56bfc062723c751e8b465ee728b)  -> (artifact id: 'ef865d3acbafabba09d6a15b9d4fc09f') in 0.009152 seconds 
  Import took 0.013112 seconds .

========================================================================
Received Import Request.
  Time since last request: 0.000223 seconds.
  path: Assets/Sprites/rpg-battle-system/backgrounds/13.png
  artifactKey: Guid(530bff490124340ebad9e7fc7fb679cb) Importer(815301076,1909f56bfc062723c751e8b465ee728b)
Start importing Assets/Sprites/rpg-battle-system/backgrounds/13.png using Guid(530bff490124340ebad9e7fc7fb679cb) Importer(815301076,1909f56bfc062723c751e8b465ee728b)  -> (artifact id: 'bb286d04a3b08ad05928f5ff8710e1aa') in 0.012500 seconds 
  Import took 0.015609 seconds .

========================================================================
Received Import Request.
  Time since last request: 0.000757 seconds.
  path: Assets/Sprites/rpg-battle-system/backgrounds/6.png
  artifactKey: Guid(05ae8de562cb542e1b70271b0f6cbcef) Importer(815301076,1909f56bfc062723c751e8b465ee728b)
Start importing Assets/Sprites/rpg-battle-system/backgrounds/6.png using Guid(05ae8de562cb542e1b70271b0f6cbcef) Importer(815301076,1909f56bfc062723c751e8b465ee728b)  -> (artifact id: '5ad6e2beadbb9dc5f065ca4ceb472ee1') in 0.011496 seconds 
  Import took 0.015777 seconds .

========================================================================
Received Import Request.
  Time since last request: 0.000299 seconds.
  path: Assets/Sprites/rpg-battle-system/backgrounds/10.png
  artifactKey: Guid(1993e9523ba1f466e9d58c6601947407) Importer(815301076,1909f56bfc062723c751e8b465ee728b)
Start importing Assets/Sprites/rpg-battle-system/backgrounds/10.png using Guid(1993e9523ba1f466e9d58c6601947407) Importer(815301076,1909f56bfc062723c751e8b465ee728b)  -> (artifact id: 'd5d63d9fc1971e1567d715889d8ec2c5') in 0.011060 seconds 
  Import took 0.014954 seconds .

========================================================================
Received Import Request.
  Time since last request: 0.000405 seconds.
  path: Assets/Sprites/rpg-battle-system/backgrounds/16.png
  artifactKey: Guid(77093b042afcd46bfbd49311523c1f5f) Importer(815301076,1909f56bfc062723c751e8b465ee728b)
Start importing Assets/Sprites/rpg-battle-system/backgrounds/16.png using Guid(77093b042afcd46bfbd49311523c1f5f) Importer(815301076,1909f56bfc062723c751e8b465ee728b)  -> (artifact id: '21aacf32d996400ef0c7a7934568a2b5') in 0.011651 seconds 
  Import took 0.015832 seconds .

========================================================================
Received Import Request.
  Time since last request: 0.000413 seconds.
  path: Assets/Sprites/rpg-battle-system/backgrounds/4.png
  artifactKey: Guid(bf69701f67f244e4bafd07be8ace59f3) Importer(815301076,1909f56bfc062723c751e8b465ee728b)
Start importing Assets/Sprites/rpg-battle-system/backgrounds/4.png using Guid(bf69701f67f244e4bafd07be8ace59f3) Importer(815301076,1909f56bfc062723c751e8b465ee728b)  -> (artifact id: 'cf6b7f5d2e25a81208da8195178c5062') in 0.011717 seconds 
  Import took 0.015354 seconds .

========================================================================
Received Import Request.
  Time since last request: 0.000368 seconds.
  path: Assets/Sprites/rpg-battle-system/backgrounds/24.png
  artifactKey: Guid(e1352f9ed45b34bf3acc67dd40a05856) Importer(815301076,1909f56bfc062723c751e8b465ee728b)
Start importing Assets/Sprites/rpg-battle-system/backgrounds/24.png using Guid(e1352f9ed45b34bf3acc67dd40a05856) Importer(815301076,1909f56bfc062723c751e8b465ee728b)  -> (artifact id: '1d839948760ca14bf8768c21f390b06a') in 0.012076 seconds 
  Import took 0.016250 seconds .

========================================================================
Received Import Request.
  Time since last request: 0.000342 seconds.
  path: Assets/Sprites/rpg-battle-system/backgrounds/12.png
  artifactKey: Guid(fefa09a2845744248b7321c8ab8e8a5d) Importer(815301076,1909f56bfc062723c751e8b465ee728b)
Start importing Assets/Sprites/rpg-battle-system/backgrounds/12.png using Guid(fefa09a2845744248b7321c8ab8e8a5d) Importer(815301076,1909f56bfc062723c751e8b465ee728b)  -> (artifact id: '2838debd42a8e061312343b5826e797c') in 0.013043 seconds 
  Import took 0.017140 seconds .

========================================================================
Received Import Request.
  Time since last request: 0.000294 seconds.
  path: Assets/Sprites/rpg-battle-system/backgrounds/17.png
  artifactKey: Guid(a37292b42b12148d88b410e8e1efc94e) Importer(815301076,1909f56bfc062723c751e8b465ee728b)
Start importing Assets/Sprites/rpg-battle-system/backgrounds/17.png using Guid(a37292b42b12148d88b410e8e1efc94e) Importer(815301076,1909f56bfc062723c751e8b465ee728b)  -> (artifact id: '0f855bca4296df482a332fd9ad83d0c3') in 0.011056 seconds 
  Import took 0.015108 seconds .

========================================================================
Received Import Request.
  Time since last request: 0.000353 seconds.
  path: Assets/Sprites/rpg-battle-system/backgrounds/4-night.png
  artifactKey: Guid(606a7764bc36042cbaa3e8742434429d) Importer(815301076,1909f56bfc062723c751e8b465ee728b)
Start importing Assets/Sprites/rpg-battle-system/backgrounds/4-night.png using Guid(606a7764bc36042cbaa3e8742434429d) Importer(815301076,1909f56bfc062723c751e8b465ee728b)  -> (artifact id: 'bf150d1c0e26be5c853b613c2f90ec32') in 0.010542 seconds 
  Import took 0.014900 seconds .

========================================================================
Received Import Request.
  Time since last request: 0.000304 seconds.
  path: Assets/Sprites/rpg-battle-system/backgrounds/7.png
  artifactKey: Guid(9b9ffba4511994ce9a42400bdccbd75c) Importer(815301076,1909f56bfc062723c751e8b465ee728b)
Start importing Assets/Sprites/rpg-battle-system/backgrounds/7.png using Guid(9b9ffba4511994ce9a42400bdccbd75c) Importer(815301076,1909f56bfc062723c751e8b465ee728b)  -> (artifact id: '7df870fb0095bed48c9942e0f1f14702') in 0.011782 seconds 
  Import took 0.015921 seconds .

========================================================================
Received Import Request.
  Time since last request: 0.000326 seconds.
  path: Assets/Sprites/rpg-battle-system/backgrounds/22.png
  artifactKey: Guid(8c20ae7729b1843b3b68540aa4ddf8a8) Importer(815301076,1909f56bfc062723c751e8b465ee728b)
Start importing Assets/Sprites/rpg-battle-system/backgrounds/22.png using Guid(8c20ae7729b1843b3b68540aa4ddf8a8) Importer(815301076,1909f56bfc062723c751e8b465ee728b)  -> (artifact id: 'd5fd29b74c03c0408c0b95a52b079547') in 0.011087 seconds 
  Import took 0.015776 seconds .

========================================================================
Received Import Request.
  Time since last request: 0.000335 seconds.
  path: Assets/Sprites/rpg-battle-system/backgrounds/5.png
  artifactKey: Guid(44f4a66b30d7d4d60aef84cc59f2dd82) Importer(815301076,1909f56bfc062723c751e8b465ee728b)
Start importing Assets/Sprites/rpg-battle-system/backgrounds/5.png using Guid(44f4a66b30d7d4d60aef84cc59f2dd82) Importer(815301076,1909f56bfc062723c751e8b465ee728b)  -> (artifact id: 'd27c7626ea5036cc8684220338c719c5') in 0.011538 seconds 
  Import took 0.015388 seconds .

========================================================================
Received Import Request.
  Time since last request: 0.000363 seconds.
  path: Assets/Sprites/rpg-battle-system/backgrounds/9.png
  artifactKey: Guid(b55dcdb54a20343988f84c4d96a11ee8) Importer(815301076,1909f56bfc062723c751e8b465ee728b)
Start importing Assets/Sprites/rpg-battle-system/backgrounds/9.png using Guid(b55dcdb54a20343988f84c4d96a11ee8) Importer(815301076,1909f56bfc062723c751e8b465ee728b)  -> (artifact id: 'cd5e7b38c7439377afff5a162b4a5a0a') in 0.012251 seconds 
  Import took 0.016098 seconds .

========================================================================
Received Import Request.
  Time since last request: 0.000306 seconds.
  path: Assets/Sprites/rpg-battle-system/backgrounds/2.png
  artifactKey: Guid(1d61c1a10c5c349b495c6733d0912313) Importer(815301076,1909f56bfc062723c751e8b465ee728b)
Start importing Assets/Sprites/rpg-battle-system/backgrounds/2.png using Guid(1d61c1a10c5c349b495c6733d0912313) Importer(815301076,1909f56bfc062723c751e8b465ee728b)  -> (artifact id: 'ba0c64e07cd19083d2d9b0cac46e3946') in 0.022289 seconds 
  Import took 0.026546 seconds .

========================================================================
Received Import Request.
  Time since last request: 0.000353 seconds.
  path: Assets/Sprites/rpg-battle-system/backgrounds/15.png
  artifactKey: Guid(90a1b942995ff4894a45a34672ffad8a) Importer(815301076,1909f56bfc062723c751e8b465ee728b)
Start importing Assets/Sprites/rpg-battle-system/backgrounds/15.png using Guid(90a1b942995ff4894a45a34672ffad8a) Importer(815301076,1909f56bfc062723c751e8b465ee728b)  -> (artifact id: '7d85c94ab6390344f05563d7714822d6') in 0.010454 seconds 
  Import took 0.014778 seconds .

========================================================================
Received Import Request.
  Time since last request: 0.000304 seconds.
  path: Assets/Sprites/rpg-battle-system/backgrounds/8.png
  artifactKey: Guid(7fb15a51970ff437e909e947e96283ca) Importer(815301076,1909f56bfc062723c751e8b465ee728b)
Start importing Assets/Sprites/rpg-battle-system/backgrounds/8.png using Guid(7fb15a51970ff437e909e947e96283ca) Importer(815301076,1909f56bfc062723c751e8b465ee728b)  -> (artifact id: 'fffd785fcbbe1f073914ddb2403c2164') in 0.011905 seconds 
  Import took 0.015970 seconds .

========================================================================
Received Prepare
Registering precompiled user dll's ...
Registered in 0.124861 seconds.
Begin MonoManager ReloadAssembly
Native extension for OSXStandalone target not found
Native extension for WebGL target not found
Refreshing native plugins compatible for Editor in 0.51 ms, found 3 plugins.
Preloading 0 native plugins for Editor in 0.00 ms.
Mono: successfully reloaded assembly
- Completed reload, in  1.285 seconds
Domain Reload Profiling:
	ReloadAssembly (1286ms)
		BeginReloadAssembly (132ms)
			ExecutionOrderSort (0ms)
			DisableScriptedObjects (6ms)
			BackupInstance (0ms)
			ReleaseScriptingObjects (0ms)
			CreateAndSetChildDomain (74ms)
		EndReloadAssembly (1084ms)
			LoadAssemblies (73ms)
			RebuildTransferFunctionScriptingTraits (0ms)
			SetupTypeCache (358ms)
			ReleaseScriptCaches (1ms)
			RebuildScriptCaches (58ms)
			SetupLoadedEditorAssemblies (449ms)
				LogAssemblyErrors (0ms)
				InitializePlatformSupportModulesInManaged (6ms)
				SetLoadedEditorAssemblies (0ms)
				RefreshPlugins (1ms)
				BeforeProcessingInitializeOnLoad (133ms)
				ProcessInitializeOnLoadAttributes (302ms)
				ProcessInitializeOnLoadMethodAttributes (6ms)
				AfterProcessingInitializeOnLoad (1ms)
				EditorAssembliesLoaded (0ms)
			ExecutionOrderSort2 (0ms)
			AwakeInstancesAfterBackupRestoration (12ms)
Platform modules already initialized, skipping
Refreshing native plugins compatible for Editor in 0.49 ms, found 3 plugins.
Preloading 0 native plugins for Editor in 0.00 ms.
Unloading 2082 Unused Serialized files (Serialized files now loaded: 0)
System memory in use before: 209.9 MB.
System memory in use after: 210.0 MB.

Unloading 18 unused Assets to reduce memory usage. Loaded Objects now: 2629.
Total: 3.129691 ms (FindLiveObjects: 0.190496 ms CreateObjectMapping: 0.069451 ms MarkObjects: 2.844839 ms  DeleteObjects: 0.024177 ms)

AssetImportParameters requested are different than current active one (requested -> active):
  custom:video-decoder-ogg-theora: a1e56fd34408186e4bbccfd4996cb3dc -> 
  custom:container-muxer-webm: aa71ff27fc2769a1b78a27578f13a17b -> 
  custom:container-demuxer-webm: 4f35f7cbe854078d1ac9338744f61a02 -> 
  custom:container-demuxer-ogg: 62fdf1f143b41e24485cea50d1cbac27 -> 
  custom:video-encoder-webm-vp8: eb34c28f22e8b96e1ab97ce403110664 -> 
  custom:framework-osx-AVFoundation: b23960f63f64bdc6ff669e2cdcee2391 -> 
  custom:video-decoder-webm-vp8: 9c59270c3fd7afecdb556c50c9e8de78 -> 
  custom:audio-decoder-ogg-vorbis: bf7c407c2cedff20999df2af8eb42d56 -> 
  custom:audio-encoder-webm-vorbis: bf7c407c2cedff20999df2af8eb42d56 -> 
========================================================================
Received Prepare
Registering precompiled user dll's ...
Registered in 0.001538 seconds.
Begin MonoManager ReloadAssembly
Native extension for OSXStandalone target not found
Native extension for WebGL target not found
Refreshing native plugins compatible for Editor in 0.49 ms, found 3 plugins.
Preloading 0 native plugins for Editor in 0.00 ms.
Mono: successfully reloaded assembly
- Completed reload, in  1.248 seconds
Domain Reload Profiling:
	ReloadAssembly (1248ms)
		BeginReloadAssembly (115ms)
			ExecutionOrderSort (0ms)
			DisableScriptedObjects (7ms)
			BackupInstance (0ms)
			ReleaseScriptingObjects (0ms)
			CreateAndSetChildDomain (60ms)
		EndReloadAssembly (1066ms)
			LoadAssemblies (68ms)
			RebuildTransferFunctionScriptingTraits (0ms)
			SetupTypeCache (346ms)
			ReleaseScriptCaches (1ms)
			RebuildScriptCaches (54ms)
			SetupLoadedEditorAssemblies (456ms)
				LogAssemblyErrors (0ms)
				InitializePlatformSupportModulesInManaged (6ms)
				SetLoadedEditorAssemblies (0ms)
				RefreshPlugins (1ms)
				BeforeProcessingInitializeOnLoad (132ms)
				ProcessInitializeOnLoadAttributes (309ms)
				ProcessInitializeOnLoadMethodAttributes (6ms)
				AfterProcessingInitializeOnLoad (1ms)
				EditorAssembliesLoaded (0ms)
			ExecutionOrderSort2 (0ms)
			AwakeInstancesAfterBackupRestoration (12ms)
Platform modules already initialized, skipping
Refreshing native plugins compatible for Editor in 0.48 ms, found 3 plugins.
Preloading 0 native plugins for Editor in 0.00 ms.
Unloading 2082 Unused Serialized files (Serialized files now loaded: 0)
System memory in use before: 210.1 MB.
System memory in use after: 210.2 MB.

Unloading 16 unused Assets to reduce memory usage. Loaded Objects now: 2632.
Total: 3.465445 ms (FindLiveObjects: 0.282814 ms CreateObjectMapping: 0.074152 ms MarkObjects: 3.082957 ms  DeleteObjects: 0.024698 ms)

AssetImportParameters requested are different than current active one (requested -> active):
  custom:video-decoder-ogg-theora: a1e56fd34408186e4bbccfd4996cb3dc -> 
  custom:container-muxer-webm: aa71ff27fc2769a1b78a27578f13a17b -> 
  custom:container-demuxer-webm: 4f35f7cbe854078d1ac9338744f61a02 -> 
  custom:container-demuxer-ogg: 62fdf1f143b41e24485cea50d1cbac27 -> 
  custom:video-encoder-webm-vp8: eb34c28f22e8b96e1ab97ce403110664 -> 
  custom:framework-osx-AVFoundation: b23960f63f64bdc6ff669e2cdcee2391 -> 
  custom:video-decoder-webm-vp8: 9c59270c3fd7afecdb556c50c9e8de78 -> 
  custom:audio-decoder-ogg-vorbis: bf7c407c2cedff20999df2af8eb42d56 -> 
  custom:audio-encoder-webm-vorbis: bf7c407c2cedff20999df2af8eb42d56 -> 
========================================================================
Received Prepare
Registering precompiled user dll's ...
Registered in 0.021819 seconds.
Begin MonoManager ReloadAssembly
Native extension for OSXStandalone target not found
Native extension for WebGL target not found
Refreshing native plugins compatible for Editor in 0.50 ms, found 3 plugins.
Preloading 0 native plugins for Editor in 0.00 ms.
Mono: successfully reloaded assembly
- Completed reload, in  1.393 seconds
Domain Reload Profiling:
	ReloadAssembly (1395ms)
		BeginReloadAssembly (154ms)
			ExecutionOrderSort (0ms)
			DisableScriptedObjects (11ms)
			BackupInstance (0ms)
			ReleaseScriptingObjects (0ms)
			CreateAndSetChildDomain (88ms)
		EndReloadAssembly (1165ms)
			LoadAssemblies (89ms)
			RebuildTransferFunctionScriptingTraits (0ms)
			SetupTypeCache (381ms)
			ReleaseScriptCaches (1ms)
			RebuildScriptCaches (60ms)
			SetupLoadedEditorAssemblies (481ms)
				LogAssemblyErrors (0ms)
				InitializePlatformSupportModulesInManaged (10ms)
				SetLoadedEditorAssemblies (1ms)
				RefreshPlugins (1ms)
				BeforeProcessingInitializeOnLoad (136ms)
				ProcessInitializeOnLoadAttributes (325ms)
				ProcessInitializeOnLoadMethodAttributes (7ms)
				AfterProcessingInitializeOnLoad (1ms)
				EditorAssembliesLoaded (0ms)
			ExecutionOrderSort2 (0ms)
			AwakeInstancesAfterBackupRestoration (13ms)
Platform modules already initialized, skipping
Refreshing native plugins compatible for Editor in 0.49 ms, found 3 plugins.
Preloading 0 native plugins for Editor in 0.00 ms.
Unloading 2082 Unused Serialized files (Serialized files now loaded: 0)
System memory in use before: 210.3 MB.
System memory in use after: 210.4 MB.

Unloading 16 unused Assets to reduce memory usage. Loaded Objects now: 2635.
Total: 3.237978 ms (FindLiveObjects: 0.405593 ms CreateObjectMapping: 0.090378 ms MarkObjects: 2.717166 ms  DeleteObjects: 0.024078 ms)

AssetImportParameters requested are different than current active one (requested -> active):
  custom:video-decoder-ogg-theora: a1e56fd34408186e4bbccfd4996cb3dc -> 
  custom:container-muxer-webm: aa71ff27fc2769a1b78a27578f13a17b -> 
  custom:container-demuxer-webm: 4f35f7cbe854078d1ac9338744f61a02 -> 
  custom:container-demuxer-ogg: 62fdf1f143b41e24485cea50d1cbac27 -> 
  custom:video-encoder-webm-vp8: eb34c28f22e8b96e1ab97ce403110664 -> 
  custom:framework-osx-AVFoundation: b23960f63f64bdc6ff669e2cdcee2391 -> 
  custom:video-decoder-webm-vp8: 9c59270c3fd7afecdb556c50c9e8de78 -> 
  custom:audio-decoder-ogg-vorbis: bf7c407c2cedff20999df2af8eb42d56 -> 
  custom:audio-encoder-webm-vorbis: bf7c407c2cedff20999df2af8eb42d56 -> 
========================================================================
Received Prepare
Registering precompiled user dll's ...
Registered in 0.032708 seconds.
Begin MonoManager ReloadAssembly
Native extension for OSXStandalone target not found
Native extension for WebGL target not found
Refreshing native plugins compatible for Editor in 0.49 ms, found 3 plugins.
Preloading 0 native plugins for Editor in 0.00 ms.
Mono: successfully reloaded assembly
- Completed reload, in  1.295 seconds
Domain Reload Profiling:
	ReloadAssembly (1299ms)
		BeginReloadAssembly (123ms)
			ExecutionOrderSort (0ms)
			DisableScriptedObjects (7ms)
			BackupInstance (0ms)
			ReleaseScriptingObjects (0ms)
			CreateAndSetChildDomain (63ms)
		EndReloadAssembly (1104ms)
			LoadAssemblies (77ms)
			RebuildTransferFunctionScriptingTraits (0ms)
			SetupTypeCache (362ms)
			ReleaseScriptCaches (1ms)
			RebuildScriptCaches (56ms)
			SetupLoadedEditorAssemblies (462ms)
				LogAssemblyErrors (0ms)
				InitializePlatformSupportModulesInManaged (6ms)
				SetLoadedEditorAssemblies (1ms)
				RefreshPlugins (1ms)
				BeforeProcessingInitializeOnLoad (129ms)
				ProcessInitializeOnLoadAttributes (319ms)
				ProcessInitializeOnLoadMethodAttributes (6ms)
				AfterProcessingInitializeOnLoad (1ms)
				EditorAssembliesLoaded (0ms)
			ExecutionOrderSort2 (0ms)
			AwakeInstancesAfterBackupRestoration (12ms)
Platform modules already initialized, skipping
Refreshing native plugins compatible for Editor in 0.49 ms, found 3 plugins.
Preloading 0 native plugins for Editor in 0.00 ms.
Unloading 2082 Unused Serialized files (Serialized files now loaded: 0)
System memory in use before: 210.5 MB.
System memory in use after: 210.7 MB.

Unloading 16 unused Assets to reduce memory usage. Loaded Objects now: 2638.
Total: 3.061486 ms (FindLiveObjects: 0.209250 ms CreateObjectMapping: 0.068797 ms MarkObjects: 2.768365 ms  DeleteObjects: 0.014310 ms)

AssetImportParameters requested are different than current active one (requested -> active):
  custom:video-decoder-ogg-theora: a1e56fd34408186e4bbccfd4996cb3dc -> 
  custom:container-muxer-webm: aa71ff27fc2769a1b78a27578f13a17b -> 
  custom:container-demuxer-webm: 4f35f7cbe854078d1ac9338744f61a02 -> 
  custom:container-demuxer-ogg: 62fdf1f143b41e24485cea50d1cbac27 -> 
  custom:video-encoder-webm-vp8: eb34c28f22e8b96e1ab97ce403110664 -> 
  custom:framework-osx-AVFoundation: b23960f63f64bdc6ff669e2cdcee2391 -> 
  custom:video-decoder-webm-vp8: 9c59270c3fd7afecdb556c50c9e8de78 -> 
  custom:audio-decoder-ogg-vorbis: bf7c407c2cedff20999df2af8eb42d56 -> 
  custom:audio-encoder-webm-vorbis: bf7c407c2cedff20999df2af8eb42d56 -> 
========================================================================
Received Import Request.
  Time since last request: 690.684523 seconds.
  path: Assets/Scenes/SampleScene.unity
  artifactKey: Guid(2cda990e2423bbf4892e6590ba056729) Importer(815301076,1909f56bfc062723c751e8b465ee728b)
Start importing Assets/Scenes/SampleScene.unity using Guid(2cda990e2423bbf4892e6590ba056729) Importer(815301076,1909f56bfc062723c751e8b465ee728b)  -> (artifact id: '43ca0fa6fc2d8199e5fb03a273b6887d') in 0.011214 seconds 
  Import took 0.014428 seconds .

========================================================================
Received Import Request.
  Time since last request: 0.003862 seconds.
  path: Assets/Scenes/SampleScene.unity
  artifactKey: Guid(2cda990e2423bbf4892e6590ba056729) Importer(815301076,1909f56bfc062723c751e8b465ee728b)
Start importing Assets/Scenes/SampleScene.unity using Guid(2cda990e2423bbf4892e6590ba056729) Importer(815301076,1909f56bfc062723c751e8b465ee728b)  -> (artifact id: '43ca0fa6fc2d8199e5fb03a273b6887d') in 0.001133 seconds 
  Import took 0.004870 seconds .

========================================================================
Received Import Request.
  Time since last request: 4.646560 seconds.
  path: Assets/Scenes/Menu.unity
  artifactKey: Guid(2cda990e2423bbf4892e6590ba056729) Importer(815301076,1909f56bfc062723c751e8b465ee728b)
Start importing Assets/Scenes/Menu.unity using Guid(2cda990e2423bbf4892e6590ba056729) Importer(815301076,1909f56bfc062723c751e8b465ee728b)  -> (artifact id: 'f80babf6884259ec541cb57340f08bda') in 0.005025 seconds 
  Import took 0.008602 seconds .

========================================================================
Received Prepare
Registering precompiled user dll's ...
Registered in 0.015422 seconds.
Begin MonoManager ReloadAssembly
Native extension for OSXStandalone target not found
Native extension for WebGL target not found
Refreshing native plugins compatible for Editor in 0.52 ms, found 3 plugins.
Preloading 0 native plugins for Editor in 0.00 ms.
Mono: successfully reloaded assembly
- Completed reload, in  1.319 seconds
Domain Reload Profiling:
	ReloadAssembly (1320ms)
		BeginReloadAssembly (122ms)
			ExecutionOrderSort (0ms)
			DisableScriptedObjects (7ms)
			BackupInstance (0ms)
			ReleaseScriptingObjects (0ms)
			CreateAndSetChildDomain (65ms)
		EndReloadAssembly (1127ms)
			LoadAssemblies (77ms)
			RebuildTransferFunctionScriptingTraits (0ms)
			SetupTypeCache (381ms)
			ReleaseScriptCaches (1ms)
			RebuildScriptCaches (59ms)
			SetupLoadedEditorAssemblies (450ms)
				LogAssemblyErrors (0ms)
				InitializePlatformSupportModulesInManaged (6ms)
				SetLoadedEditorAssemblies (1ms)
				RefreshPlugins (1ms)
				BeforeProcessingInitializeOnLoad (136ms)
				ProcessInitializeOnLoadAttributes (300ms)
				ProcessInitializeOnLoadMethodAttributes (6ms)
				AfterProcessingInitializeOnLoad (1ms)
				EditorAssembliesLoaded (0ms)
			ExecutionOrderSort2 (0ms)
			AwakeInstancesAfterBackupRestoration (12ms)
Platform modules already initialized, skipping
Refreshing native plugins compatible for Editor in 0.48 ms, found 3 plugins.
Preloading 0 native plugins for Editor in 0.00 ms.
Unloading 2083 Unused Serialized files (Serialized files now loaded: 0)
System memory in use before: 210.8 MB.
System memory in use after: 210.9 MB.

Unloading 16 unused Assets to reduce memory usage. Loaded Objects now: 2642.
Total: 3.116005 ms (FindLiveObjects: 0.207206 ms CreateObjectMapping: 0.066351 ms MarkObjects: 2.826238 ms  DeleteObjects: 0.015336 ms)

AssetImportParameters requested are different than current active one (requested -> active):
  custom:video-decoder-ogg-theora: a1e56fd34408186e4bbccfd4996cb3dc -> 
  custom:container-muxer-webm: aa71ff27fc2769a1b78a27578f13a17b -> 
  custom:container-demuxer-webm: 4f35f7cbe854078d1ac9338744f61a02 -> 
  custom:container-demuxer-ogg: 62fdf1f143b41e24485cea50d1cbac27 -> 
  custom:video-encoder-webm-vp8: eb34c28f22e8b96e1ab97ce403110664 -> 
  custom:framework-osx-AVFoundation: b23960f63f64bdc6ff669e2cdcee2391 -> 
  custom:video-decoder-webm-vp8: 9c59270c3fd7afecdb556c50c9e8de78 -> 
  custom:audio-decoder-ogg-vorbis: bf7c407c2cedff20999df2af8eb42d56 -> 
  custom:audio-encoder-webm-vorbis: bf7c407c2cedff20999df2af8eb42d56 -> 
========================================================================
Received Prepare
Registering precompiled user dll's ...
Registered in 0.032729 seconds.
Begin MonoManager ReloadAssembly
Native extension for OSXStandalone target not found
Native extension for WebGL target not found
Refreshing native plugins compatible for Editor in 0.50 ms, found 3 plugins.
Preloading 0 native plugins for Editor in 0.00 ms.
Mono: successfully reloaded assembly
- Completed reload, in  1.264 seconds
Domain Reload Profiling:
	ReloadAssembly (1264ms)
		BeginReloadAssembly (119ms)
			ExecutionOrderSort (0ms)
			DisableScriptedObjects (7ms)
			BackupInstance (0ms)
			ReleaseScriptingObjects (0ms)
			CreateAndSetChildDomain (63ms)
		EndReloadAssembly (1075ms)
			LoadAssemblies (76ms)
			RebuildTransferFunctionScriptingTraits (0ms)
			SetupTypeCache (354ms)
			ReleaseScriptCaches (1ms)
			RebuildScriptCaches (56ms)
			SetupLoadedEditorAssemblies (446ms)
				LogAssemblyErrors (0ms)
				InitializePlatformSupportModulesInManaged (6ms)
				SetLoadedEditorAssemblies (1ms)
				RefreshPlugins (1ms)
				BeforeProcessingInitializeOnLoad (129ms)
				ProcessInitializeOnLoadAttributes (303ms)
				ProcessInitializeOnLoadMethodAttributes (6ms)
				AfterProcessingInitializeOnLoad (1ms)
				EditorAssembliesLoaded (0ms)
			ExecutionOrderSort2 (0ms)
			AwakeInstancesAfterBackupRestoration (12ms)
Platform modules already initialized, skipping
Refreshing native plugins compatible for Editor in 0.48 ms, found 3 plugins.
Preloading 0 native plugins for Editor in 0.00 ms.
Unloading 2083 Unused Serialized files (Serialized files now loaded: 0)
System memory in use before: 211.0 MB.
System memory in use after: 211.1 MB.

Unloading 16 unused Assets to reduce memory usage. Loaded Objects now: 2645.
Total: 3.050328 ms (FindLiveObjects: 0.200970 ms CreateObjectMapping: 0.069627 ms MarkObjects: 2.763953 ms  DeleteObjects: 0.014952 ms)

AssetImportParameters requested are different than current active one (requested -> active):
  custom:video-decoder-ogg-theora: a1e56fd34408186e4bbccfd4996cb3dc -> 
  custom:container-muxer-webm: aa71ff27fc2769a1b78a27578f13a17b -> 
  custom:container-demuxer-webm: 4f35f7cbe854078d1ac9338744f61a02 -> 
  custom:container-demuxer-ogg: 62fdf1f143b41e24485cea50d1cbac27 -> 
  custom:video-encoder-webm-vp8: eb34c28f22e8b96e1ab97ce403110664 -> 
  custom:framework-osx-AVFoundation: b23960f63f64bdc6ff669e2cdcee2391 -> 
  custom:video-decoder-webm-vp8: 9c59270c3fd7afecdb556c50c9e8de78 -> 
  custom:audio-decoder-ogg-vorbis: bf7c407c2cedff20999df2af8eb42d56 -> 
  custom:audio-encoder-webm-vorbis: bf7c407c2cedff20999df2af8eb42d56 -> 
========================================================================
Received Prepare
Registering precompiled user dll's ...
Registered in 0.027557 seconds.
Begin MonoManager ReloadAssembly
Native extension for OSXStandalone target not found
Native extension for WebGL target not found
Refreshing native plugins compatible for Editor in 0.48 ms, found 3 plugins.
Preloading 0 native plugins for Editor in 0.00 ms.
Mono: successfully reloaded assembly
- Completed reload, in  1.336 seconds
Domain Reload Profiling:
	ReloadAssembly (1337ms)
		BeginReloadAssembly (121ms)
			ExecutionOrderSort (0ms)
			DisableScriptedObjects (7ms)
			BackupInstance (0ms)
			ReleaseScriptingObjects (0ms)
			CreateAndSetChildDomain (66ms)
		EndReloadAssembly (1144ms)
			LoadAssemblies (77ms)
			RebuildTransferFunctionScriptingTraits (0ms)
			SetupTypeCache (383ms)
			ReleaseScriptCaches (1ms)
			RebuildScriptCaches (55ms)
			SetupLoadedEditorAssemblies (479ms)
				LogAssemblyErrors (0ms)
				InitializePlatformSupportModulesInManaged (6ms)
				SetLoadedEditorAssemblies (0ms)
				RefreshPlugins (1ms)
				BeforeProcessingInitializeOnLoad (128ms)
				ProcessInitializeOnLoadAttributes (338ms)
				ProcessInitializeOnLoadMethodAttributes (6ms)
				AfterProcessingInitializeOnLoad (1ms)
				EditorAssembliesLoaded (0ms)
			ExecutionOrderSort2 (0ms)
			AwakeInstancesAfterBackupRestoration (15ms)
Platform modules already initialized, skipping
Refreshing native plugins compatible for Editor in 0.49 ms, found 3 plugins.
Preloading 0 native plugins for Editor in 0.00 ms.
Unloading 2084 Unused Serialized files (Serialized files now loaded: 0)
System memory in use before: 211.2 MB.
System memory in use after: 211.3 MB.

Unloading 16 unused Assets to reduce memory usage. Loaded Objects now: 2649.
Total: 3.737740 ms (FindLiveObjects: 0.281339 ms CreateObjectMapping: 0.081823 ms MarkObjects: 3.354511 ms  DeleteObjects: 0.019018 ms)

AssetImportParameters requested are different than current active one (requested -> active):
  custom:video-decoder-ogg-theora: a1e56fd34408186e4bbccfd4996cb3dc -> 
  custom:container-muxer-webm: aa71ff27fc2769a1b78a27578f13a17b -> 
  custom:container-demuxer-webm: 4f35f7cbe854078d1ac9338744f61a02 -> 
  custom:container-demuxer-ogg: 62fdf1f143b41e24485cea50d1cbac27 -> 
  custom:video-encoder-webm-vp8: eb34c28f22e8b96e1ab97ce403110664 -> 
  custom:framework-osx-AVFoundation: b23960f63f64bdc6ff669e2cdcee2391 -> 
  custom:video-decoder-webm-vp8: 9c59270c3fd7afecdb556c50c9e8de78 -> 
  custom:audio-decoder-ogg-vorbis: bf7c407c2cedff20999df2af8eb42d56 -> 
  custom:audio-encoder-webm-vorbis: bf7c407c2cedff20999df2af8eb42d56 -> 
========================================================================
Received Prepare
Registering precompiled user dll's ...
Registered in 0.024997 seconds.
Begin MonoManager ReloadAssembly
Native extension for OSXStandalone target not found
Native extension for WebGL target not found
Refreshing native plugins compatible for Editor in 0.52 ms, found 3 plugins.
Preloading 0 native plugins for Editor in 0.00 ms.
Mono: successfully reloaded assembly
- Completed reload, in  1.261 seconds
Domain Reload Profiling:
	ReloadAssembly (1262ms)
		BeginReloadAssembly (118ms)
			ExecutionOrderSort (0ms)
			DisableScriptedObjects (7ms)
			BackupInstance (0ms)
			ReleaseScriptingObjects (0ms)
			CreateAndSetChildDomain (62ms)
		EndReloadAssembly (1074ms)
			LoadAssemblies (74ms)
			RebuildTransferFunctionScriptingTraits (0ms)
			SetupTypeCache (355ms)
			ReleaseScriptCaches (1ms)
			RebuildScriptCaches (57ms)
			SetupLoadedEditorAssemblies (444ms)
				LogAssemblyErrors (0ms)
				InitializePlatformSupportModulesInManaged (6ms)
				SetLoadedEditorAssemblies (0ms)
				RefreshPlugins (1ms)
				BeforeProcessingInitializeOnLoad (130ms)
				ProcessInitializeOnLoadAttributes (301ms)
				ProcessInitializeOnLoadMethodAttributes (6ms)
				AfterProcessingInitializeOnLoad (1ms)
				EditorAssembliesLoaded (0ms)
			ExecutionOrderSort2 (0ms)
			AwakeInstancesAfterBackupRestoration (12ms)
Platform modules already initialized, skipping
Refreshing native plugins compatible for Editor in 0.48 ms, found 3 plugins.
Preloading 0 native plugins for Editor in 0.00 ms.
Unloading 2084 Unused Serialized files (Serialized files now loaded: 0)
System memory in use before: 211.4 MB.
System memory in use after: 211.5 MB.

Unloading 16 unused Assets to reduce memory usage. Loaded Objects now: 2652.
Total: 2.975208 ms (FindLiveObjects: 0.205496 ms CreateObjectMapping: 0.075183 ms MarkObjects: 2.679511 ms  DeleteObjects: 0.014219 ms)

AssetImportParameters requested are different than current active one (requested -> active):
  custom:video-decoder-ogg-theora: a1e56fd34408186e4bbccfd4996cb3dc -> 
  custom:container-muxer-webm: aa71ff27fc2769a1b78a27578f13a17b -> 
  custom:container-demuxer-webm: 4f35f7cbe854078d1ac9338744f61a02 -> 
  custom:container-demuxer-ogg: 62fdf1f143b41e24485cea50d1cbac27 -> 
  custom:video-encoder-webm-vp8: eb34c28f22e8b96e1ab97ce403110664 -> 
  custom:framework-osx-AVFoundation: b23960f63f64bdc6ff669e2cdcee2391 -> 
  custom:video-decoder-webm-vp8: 9c59270c3fd7afecdb556c50c9e8de78 -> 
  custom:audio-decoder-ogg-vorbis: bf7c407c2cedff20999df2af8eb42d56 -> 
  custom:audio-encoder-webm-vorbis: bf7c407c2cedff20999df2af8eb42d56 -> 
========================================================================
Received Import Request.
  Time since last request: 304.587451 seconds.
  path: Assets/Scenes/Overworld.unity
  artifactKey: Guid(a9508e46168ec4f5a81eb1fb3fcc51e8) Importer(815301076,1909f56bfc062723c751e8b465ee728b)
Start importing Assets/Scenes/Overworld.unity using Guid(a9508e46168ec4f5a81eb1fb3fcc51e8) Importer(815301076,1909f56bfc062723c751e8b465ee728b)  -> (artifact id: '835d76cb26735b65e2480283a4ea4058') in 0.015662 seconds 
  Import took 0.019420 seconds .

========================================================================
Received Import Request.
  Time since last request: 13.214796 seconds.
  path: Assets/Scenes/Menu.unity
  artifactKey: Guid(2cda990e2423bbf4892e6590ba056729) Importer(815301076,1909f56bfc062723c751e8b465ee728b)
Start importing Assets/Scenes/Menu.unity using Guid(2cda990e2423bbf4892e6590ba056729) Importer(815301076,1909f56bfc062723c751e8b465ee728b)  -> (artifact id: '30552d2b3268c58fb5ad6bad620d4f83') in 0.005673 seconds 
  Import took 0.009539 seconds .

========================================================================
Received Prepare
Registering precompiled user dll's ...
Registered in 0.021761 seconds.
Begin MonoManager ReloadAssembly
Native extension for OSXStandalone target not found
Native extension for WebGL target not found
Refreshing native plugins compatible for Editor in 0.50 ms, found 3 plugins.
Preloading 0 native plugins for Editor in 0.00 ms.
Mono: successfully reloaded assembly
- Completed reload, in  1.255 seconds
Domain Reload Profiling:
	ReloadAssembly (1255ms)
		BeginReloadAssembly (120ms)
			ExecutionOrderSort (0ms)
			DisableScriptedObjects (7ms)
			BackupInstance (0ms)
			ReleaseScriptingObjects (0ms)
			CreateAndSetChildDomain (65ms)
		EndReloadAssembly (1067ms)
			LoadAssemblies (70ms)
			RebuildTransferFunctionScriptingTraits (0ms)
			SetupTypeCache (354ms)
			ReleaseScriptCaches (1ms)
			RebuildScriptCaches (57ms)
			SetupLoadedEditorAssemblies (442ms)
				LogAssemblyErrors (0ms)
				InitializePlatformSupportModulesInManaged (6ms)
				SetLoadedEditorAssemblies (1ms)
				RefreshPlugins (1ms)
				BeforeProcessingInitializeOnLoad (131ms)
				ProcessInitializeOnLoadAttributes (297ms)
				ProcessInitializeOnLoadMethodAttributes (6ms)
				AfterProcessingInitializeOnLoad (1ms)
				EditorAssembliesLoaded (0ms)
			ExecutionOrderSort2 (0ms)
			AwakeInstancesAfterBackupRestoration (12ms)
Platform modules already initialized, skipping
Refreshing native plugins compatible for Editor in 0.48 ms, found 3 plugins.
Preloading 0 native plugins for Editor in 0.00 ms.
Unloading 2084 Unused Serialized files (Serialized files now loaded: 0)
System memory in use before: 211.6 MB.
System memory in use after: 211.8 MB.

Unloading 16 unused Assets to reduce memory usage. Loaded Objects now: 2655.
Total: 2.963697 ms (FindLiveObjects: 0.202704 ms CreateObjectMapping: 0.065645 ms MarkObjects: 2.680773 ms  DeleteObjects: 0.013843 ms)

AssetImportParameters requested are different than current active one (requested -> active):
  custom:video-decoder-ogg-theora: a1e56fd34408186e4bbccfd4996cb3dc -> 
  custom:container-muxer-webm: aa71ff27fc2769a1b78a27578f13a17b -> 
  custom:container-demuxer-webm: 4f35f7cbe854078d1ac9338744f61a02 -> 
  custom:container-demuxer-ogg: 62fdf1f143b41e24485cea50d1cbac27 -> 
  custom:video-encoder-webm-vp8: eb34c28f22e8b96e1ab97ce403110664 -> 
  custom:framework-osx-AVFoundation: b23960f63f64bdc6ff669e2cdcee2391 -> 
  custom:video-decoder-webm-vp8: 9c59270c3fd7afecdb556c50c9e8de78 -> 
  custom:audio-decoder-ogg-vorbis: bf7c407c2cedff20999df2af8eb42d56 -> 
  custom:audio-encoder-webm-vorbis: bf7c407c2cedff20999df2af8eb42d56 -> 
========================================================================
Received Import Request.
  Time since last request: 690.966442 seconds.
  path: Assets/Scenes/Menu.unity
  artifactKey: Guid(2cda990e2423bbf4892e6590ba056729) Importer(815301076,1909f56bfc062723c751e8b465ee728b)
Start importing Assets/Scenes/Menu.unity using Guid(2cda990e2423bbf4892e6590ba056729) Importer(815301076,1909f56bfc062723c751e8b465ee728b)  -> (artifact id: '1eeed305f7edafa161a1345744622b54') in 0.014815 seconds 
  Import took 0.031523 seconds .

========================================================================
Received Import Request.
  Time since last request: 9.365133 seconds.
  path: Assets/Scenes/Overworld.unity
  artifactKey: Guid(a9508e46168ec4f5a81eb1fb3fcc51e8) Importer(815301076,1909f56bfc062723c751e8b465ee728b)
Start importing Assets/Scenes/Overworld.unity using Guid(a9508e46168ec4f5a81eb1fb3fcc51e8) Importer(815301076,1909f56bfc062723c751e8b465ee728b)  -> (artifact id: '3276efbe1a6924ba2916431ff4155d7f') in 0.005548 seconds 
  Import took 0.009116 seconds .

========================================================================
Received Prepare
Registering precompiled user dll's ...
Registered in 0.040880 seconds.
Begin MonoManager ReloadAssembly
Native extension for OSXStandalone target not found
Native extension for WebGL target not found
Refreshing native plugins compatible for Editor in 0.48 ms, found 3 plugins.
Preloading 0 native plugins for Editor in 0.00 ms.
Mono: successfully reloaded assembly
- Completed reload, in  1.271 seconds
Domain Reload Profiling:
	ReloadAssembly (1272ms)
		BeginReloadAssembly (124ms)
			ExecutionOrderSort (0ms)
			DisableScriptedObjects (7ms)
			BackupInstance (0ms)
			ReleaseScriptingObjects (0ms)
			CreateAndSetChildDomain (67ms)
		EndReloadAssembly (1076ms)
			LoadAssemblies (75ms)
			RebuildTransferFunctionScriptingTraits (0ms)
			SetupTypeCache (365ms)
			ReleaseScriptCaches (1ms)
			RebuildScriptCaches (55ms)
			SetupLoadedEditorAssemblies (438ms)
				LogAssemblyErrors (0ms)
				InitializePlatformSupportModulesInManaged (6ms)
				SetLoadedEditorAssemblies (1ms)
				RefreshPlugins (1ms)
				BeforeProcessingInitializeOnLoad (128ms)
				ProcessInitializeOnLoadAttributes (297ms)
				ProcessInitializeOnLoadMethodAttributes (6ms)
				AfterProcessingInitializeOnLoad (1ms)
				EditorAssembliesLoaded (0ms)
			ExecutionOrderSort2 (0ms)
			AwakeInstancesAfterBackupRestoration (12ms)
Platform modules already initialized, skipping
Refreshing native plugins compatible for Editor in 0.47 ms, found 3 plugins.
Preloading 0 native plugins for Editor in 0.00 ms.
Unloading 2084 Unused Serialized files (Serialized files now loaded: 0)
System memory in use before: 211.9 MB.
System memory in use after: 212.0 MB.

Unloading 16 unused Assets to reduce memory usage. Loaded Objects now: 2658.
Total: 2.930789 ms (FindLiveObjects: 0.193247 ms CreateObjectMapping: 0.068672 ms MarkObjects: 2.653442 ms  DeleteObjects: 0.014531 ms)

AssetImportParameters requested are different than current active one (requested -> active):
  custom:video-decoder-ogg-theora: a1e56fd34408186e4bbccfd4996cb3dc -> 
  custom:container-muxer-webm: aa71ff27fc2769a1b78a27578f13a17b -> 
  custom:container-demuxer-webm: 4f35f7cbe854078d1ac9338744f61a02 -> 
  custom:container-demuxer-ogg: 62fdf1f143b41e24485cea50d1cbac27 -> 
  custom:video-encoder-webm-vp8: eb34c28f22e8b96e1ab97ce403110664 -> 
  custom:framework-osx-AVFoundation: b23960f63f64bdc6ff669e2cdcee2391 -> 
  custom:video-decoder-webm-vp8: 9c59270c3fd7afecdb556c50c9e8de78 -> 
  custom:audio-decoder-ogg-vorbis: bf7c407c2cedff20999df2af8eb42d56 -> 
  custom:audio-encoder-webm-vorbis: bf7c407c2cedff20999df2af8eb42d56 -> 
========================================================================
Received Prepare
Registering precompiled user dll's ...
Registered in 0.001578 seconds.
Begin MonoManager ReloadAssembly
Native extension for OSXStandalone target not found
Native extension for WebGL target not found
Refreshing native plugins compatible for Editor in 0.49 ms, found 3 plugins.
Preloading 0 native plugins for Editor in 0.00 ms.
Mono: successfully reloaded assembly
- Completed reload, in  1.285 seconds
Domain Reload Profiling:
	ReloadAssembly (1285ms)
		BeginReloadAssembly (116ms)
			ExecutionOrderSort (0ms)
			DisableScriptedObjects (7ms)
			BackupInstance (0ms)
			ReleaseScriptingObjects (0ms)
			CreateAndSetChildDomain (61ms)
		EndReloadAssembly (1102ms)
			LoadAssemblies (69ms)
			RebuildTransferFunctionScriptingTraits (0ms)
			SetupTypeCache (372ms)
			ReleaseScriptCaches (1ms)
			RebuildScriptCaches (58ms)
			SetupLoadedEditorAssemblies (450ms)
				LogAssemblyErrors (0ms)
				InitializePlatformSupportModulesInManaged (6ms)
				SetLoadedEditorAssemblies (0ms)
				RefreshPlugins (1ms)
				BeforeProcessingInitializeOnLoad (134ms)
				ProcessInitializeOnLoadAttributes (302ms)
				ProcessInitializeOnLoadMethodAttributes (6ms)
				AfterProcessingInitializeOnLoad (1ms)
				EditorAssembliesLoaded (0ms)
			ExecutionOrderSort2 (0ms)
			AwakeInstancesAfterBackupRestoration (12ms)
Platform modules already initialized, skipping
Refreshing native plugins compatible for Editor in 0.48 ms, found 3 plugins.
Preloading 0 native plugins for Editor in 0.00 ms.
Unloading 2084 Unused Serialized files (Serialized files now loaded: 0)
System memory in use before: 212.0 MB.
System memory in use after: 212.2 MB.

Unloading 16 unused Assets to reduce memory usage. Loaded Objects now: 2661.
Total: 3.223388 ms (FindLiveObjects: 0.192595 ms CreateObjectMapping: 0.065122 ms MarkObjects: 2.949750 ms  DeleteObjects: 0.015075 ms)

AssetImportParameters requested are different than current active one (requested -> active):
  custom:video-decoder-ogg-theora: a1e56fd34408186e4bbccfd4996cb3dc -> 
  custom:container-muxer-webm: aa71ff27fc2769a1b78a27578f13a17b -> 
  custom:container-demuxer-webm: 4f35f7cbe854078d1ac9338744f61a02 -> 
  custom:container-demuxer-ogg: 62fdf1f143b41e24485cea50d1cbac27 -> 
  custom:video-encoder-webm-vp8: eb34c28f22e8b96e1ab97ce403110664 -> 
  custom:framework-osx-AVFoundation: b23960f63f64bdc6ff669e2cdcee2391 -> 
  custom:video-decoder-webm-vp8: 9c59270c3fd7afecdb556c50c9e8de78 -> 
  custom:audio-decoder-ogg-vorbis: bf7c407c2cedff20999df2af8eb42d56 -> 
  custom:audio-encoder-webm-vorbis: bf7c407c2cedff20999df2af8eb42d56 -> 
